#
# There is insufficient memory for the Java Runtime Environment to continue.
# Native memory allocation (mmap) failed to map 2650800128 bytes for G1 virtual space
# Possible reasons:
#   The system is out of physical RAM or swap space
# Possible solutions:
#   Reduce memory load on the system
#   Increase physical memory or swap space
#   Check if swap backing store is full
#   Decrease Java heap size (-Xmx/-Xms)
#   Decrease number of Java threads
#   Decrease Java thread stack sizes (-Xss)
#   Set larger code cache with -XX:ReservedCodeCacheSize=
# This output file may be truncated or incomplete.
#
#  Out of Memory Error (os_windows.cpp:3466), pid=16876, tid=18692
#
# JRE version: OpenJDK Runtime Environment (16.0.1+9) (build 16.0.1+9-24)
# Java VM: OpenJDK 64-Bit Server VM (16.0.1+9-24, mixed mode, tiered, compressed class ptrs, g1 gc, windows-amd64)
# No core dump will be written. Minidumps are not enabled by default on client versions of Windows
#

---------------  S U M M A R Y ------------

Command Line: -Xmx248G -Dfile.encoding=Cp1252 -XX:+ShowCodeDetailsInExceptionMessages stegers.Steger_source -Xmx248G

Host: Intel(R) Core(TM) i7-10750H CPU @ 2.60GHz, 12 cores, 7G,  Windows 10 , 64 bit Build 22000 (10.0.22000.282)
Time: Wed Nov 10 14:05:00 2021 India Standard Time elapsed time: 27.136802 seconds (0d 0h 0m 27s)

---------------  T H R E A D  ---------------

Current thread (0x0000017266040030):  VMThread "VM Thread" [stack: 0x0000001a37500000,0x0000001a37600000] [id=18692]

Stack: [0x0000001a37500000,0x0000001a37600000]
Native frames: (J=compiled Java code, j=interpreted, Vv=VM code, C=native code)
V  [jvm.dll+0x6687ca]
V  [jvm.dll+0x7ca3c9]
V  [jvm.dll+0x7cbb53]
V  [jvm.dll+0x7cc1b3]
V  [jvm.dll+0x242ea5]
V  [jvm.dll+0x665589]
V  [jvm.dll+0x65a175]
V  [jvm.dll+0x2fc5ab]
V  [jvm.dll+0x3037a6]
V  [jvm.dll+0x352fee]
V  [jvm.dll+0x35321f]
V  [jvm.dll+0x2d3618]
V  [jvm.dll+0x2d11a5]
V  [jvm.dll+0x2d07dc]
V  [jvm.dll+0x315c83]
V  [jvm.dll+0x7d05eb]
V  [jvm.dll+0x7d12e4]
V  [jvm.dll+0x7d17e9]
V  [jvm.dll+0x7d1aa4]
V  [jvm.dll+0x7d1b70]
V  [jvm.dll+0x779b4a]
V  [jvm.dll+0x667666]
C  [ucrtbase.dll+0x26c0c]
C  [KERNEL32.DLL+0x154e0]
C  [ntdll.dll+0x485b]

VM_Operation (0x0000001a382fe740): G1TryInitiateConcMark, mode: safepoint, requested by thread 0x00000172663b2d80


---------------  P R O C E S S  ---------------

Threads class SMR info:
_java_thread_list=0x000001726e403510, length=18, elements={
0x000001726605e420, 0x000001726605f6f0, 0x000001726608d650, 0x000001726608fc70,
0x0000017266090280, 0x0000017266090890, 0x0000017266094780, 0x000001726609f2a0,
0x00000172660a0810, 0x000001726620bdf0, 0x000001726620fd40, 0x00000172663b2d80,
0x000001320050b6d0, 0x00000172662935a0, 0x00000172663b36a0, 0x00000172663b43d0,
0x00000172669c4370, 0x00000172669c2390
}

Java Threads: ( => current thread )
  0x000001726605e420 JavaThread "Reference Handler" daemon [_thread_blocked, id=20436, stack(0x0000001a37600000,0x0000001a37700000)]
  0x000001726605f6f0 JavaThread "Finalizer" daemon [_thread_blocked, id=5556, stack(0x0000001a37700000,0x0000001a37800000)]
  0x000001726608d650 JavaThread "Signal Dispatcher" daemon [_thread_blocked, id=16836, stack(0x0000001a37800000,0x0000001a37900000)]
  0x000001726608fc70 JavaThread "Attach Listener" daemon [_thread_blocked, id=14976, stack(0x0000001a37900000,0x0000001a37a00000)]
  0x0000017266090280 JavaThread "Service Thread" daemon [_thread_blocked, id=19732, stack(0x0000001a37a00000,0x0000001a37b00000)]
  0x0000017266090890 JavaThread "Monitor Deflation Thread" daemon [_thread_blocked, id=12100, stack(0x0000001a37b00000,0x0000001a37c00000)]
  0x0000017266094780 JavaThread "C2 CompilerThread0" daemon [_thread_blocked, id=4432, stack(0x0000001a37c00000,0x0000001a37d00000)]
  0x000001726609f2a0 JavaThread "C1 CompilerThread0" daemon [_thread_blocked, id=17940, stack(0x0000001a37d00000,0x0000001a37e00000)]
  0x00000172660a0810 JavaThread "Sweeper thread" daemon [_thread_blocked, id=6920, stack(0x0000001a37e00000,0x0000001a37f00000)]
  0x000001726620bdf0 JavaThread "Notification Thread" daemon [_thread_blocked, id=11304, stack(0x0000001a37f00000,0x0000001a38000000)]
  0x000001726620fd40 JavaThread "Common-Cleaner" daemon [_thread_blocked, id=4288, stack(0x0000001a38100000,0x0000001a38200000)]
  0x00000172663b2d80 JavaThread "Thread-0" [_thread_blocked, id=11504, stack(0x0000001a38200000,0x0000001a38300000)]
  0x000001320050b6d0 JavaThread "DestroyJavaVM" [_thread_blocked, id=14360, stack(0x0000001a36f00000,0x0000001a37000000)]
  0x00000172662935a0 JavaThread "Java2D Disposer" daemon [_thread_blocked, id=20300, stack(0x0000001a38300000,0x0000001a38400000)]
  0x00000172663b36a0 JavaThread "AWT-Shutdown" [_thread_blocked, id=1312, stack(0x0000001a38400000,0x0000001a38500000)]
  0x00000172663b43d0 JavaThread "AWT-Windows" daemon [_thread_in_native, id=19668, stack(0x0000001a38500000,0x0000001a38600000)]
  0x00000172669c4370 JavaThread "AWT-EventQueue-0" [_thread_blocked, id=9028, stack(0x0000001a38e40000,0x0000001a38f40000)]
  0x00000172669c2390 JavaThread "D3D Screen Updater" daemon [_thread_blocked, id=524, stack(0x0000001a39240000,0x0000001a39340000)]

Other Threads:
=>0x0000017266040030 VMThread "VM Thread" [stack: 0x0000001a37500000,0x0000001a37600000] [id=18692]
  0x000001726620ec20 WatcherThread [stack: 0x0000001a38000000,0x0000001a38100000] [id=6224]
  0x00000132005e2210 GCTaskThread "GC Thread#0" [stack: 0x0000001a37000000,0x0000001a37100000] [id=13808]
  0x00000172665d2cd0 GCTaskThread "GC Thread#1" [stack: 0x0000001a38700000,0x0000001a38800000] [id=15204]
  0x00000172665d2fe0 GCTaskThread "GC Thread#2" [stack: 0x0000001a38800000,0x0000001a38900000] [id=16152]
  0x00000172665d32f0 GCTaskThread "GC Thread#3" [stack: 0x0000001a38900000,0x0000001a38a00000] [id=5884]
  0x00000172665d3a00 GCTaskThread "GC Thread#4" [stack: 0x0000001a38a00000,0x0000001a38b00000] [id=18876]
  0x00000172665d3d10 GCTaskThread "GC Thread#5" [stack: 0x0000001a38b00000,0x0000001a38c00000] [id=18304]
  0x000001726e3d4230 GCTaskThread "GC Thread#6" [stack: 0x0000001a38600000,0x0000001a38700000] [id=2364]
  0x000001726e3d29b0 GCTaskThread "GC Thread#7" [stack: 0x0000001a39350000,0x0000001a39450000] [id=9508]
  0x000001726e3ce340 GCTaskThread "GC Thread#8" [stack: 0x0000001a39650000,0x0000001a39750000] [id=17024]
  0x000001726e3d2cc0 GCTaskThread "GC Thread#9" [stack: 0x0000001a39750000,0x0000001a39850000] [id=1316]
  0x00000132005e3ac0 ConcurrentGCThread "G1 Main Marker" [stack: 0x0000001a37100000,0x0000001a37200000] [id=10724]
  0x00000132158de700 ConcurrentGCThread "G1 Conc#0" [stack: 0x0000001a37200000,0x0000001a37300000] [id=11036]
  0x000001726e3d0e20 ConcurrentGCThread "G1 Conc#1" [stack: 0x0000001a39450000,0x0000001a39550000] [id=6936]
  0x000001726e3ccdd0 ConcurrentGCThread "G1 Conc#2" [stack: 0x0000001a39550000,0x0000001a39650000] [id=14876]
  0x00000132005ed000 ConcurrentGCThread "G1 Refine#0" [stack: 0x0000001a37300000,0x0000001a37400000] [id=12016]
  0x00000132005edb00 ConcurrentGCThread "G1 Service" [stack: 0x0000001a37400000,0x0000001a37500000] [id=6196]

Threads with active compile tasks:
C2 CompilerThread0    27149  919 %     4       stegers.convol::convolve_cols_gauss @ 180 (402 bytes)

VM state: at safepoint (normal execution)

VM Mutex/Monitor currently owned by a thread:  ([mutex/lock_event])
[0x000001320047b820] Threads_lock - owner thread: 0x0000017266040030
[0x000001320047baf0] Heap_lock - owner thread: 0x00000172663b2d80

CDS disabled.
Compressed class space mapped at: 0x0000000080000000-0x00000000c0000000, reserved size: 1073741824
Narrow klass base: 0x0000000000000000, Narrow klass shift: 0, Narrow klass range: 0xc0000000

GC Precious Log:
 CPUs: 12 total, 12 available
 Memory: 8099M
 Large Page Support: Disabled
 NUMA Support: Disabled
 Compressed Oops: Disabled
 Heap Region Size: 32M
 Heap Min Capacity: 32M
 Heap Initial Capacity: 128M
 Heap Max Capacity: 248G
 Pre-touch: Disabled
 Parallel Workers: 10
 Concurrent Workers: 3
 Concurrent Refinement Workers: 10
 Periodic GC: Disabled

Heap:
 garbage-first heap   total 2588672K, used 1288667K [0x0000013216000000, 0x0000017016000000)
  region size 32768K, 1 young (32768K), 1 survivors (32768K)
 Metaspace       used 15166K, committed 15296K, reserved 1064960K
  class space    used 1384K, committed 1472K, reserved 1048576K

Heap Regions: E=young(eden), S=young(survivor), O=old, HS=humongous(starts), HC=humongous(continues), CS=collection set, F=free, OA=open archive, CA=closed archive, TAMS=top-at-mark-start (previous, next)
|   0|0x0000013216000000, 0x00000132161b9000, 0x0000013218000000|  5%| O|  |TAMS 0x00000132161b9000, 0x00000132161b9000| Untracked 
|   1|0x0000013218000000, 0x0000013218000000, 0x000001321a000000|  0%| F|  |TAMS 0x0000013218000000, 0x0000013218000000| Untracked 
|   2|0x000001321a000000, 0x000001321c000000, 0x000001321c000000|100%|HS|  |TAMS 0x000001321c000000, 0x000001321c000000| Complete 
|   3|0x000001321c000000, 0x000001321e000000, 0x000001321e000000|100%|HC|  |TAMS 0x000001321e000000, 0x000001321e000000| Complete 
|   4|0x000001321e000000, 0x0000013220000000, 0x0000013220000000|100%|HC|  |TAMS 0x0000013220000000, 0x0000013220000000| Complete 
|   5|0x0000013220000000, 0x0000013220000000, 0x0000013222000000|  0%| F|  |TAMS 0x0000013220000000, 0x0000013220000000| Untracked 
|   6|0x0000013222000000, 0x0000013222000000, 0x0000013224000000|  0%| F|  |TAMS 0x0000013222000000, 0x0000013222000000| Untracked 
|   7|0x0000013224000000, 0x0000013226000000, 0x0000013226000000|100%|HS|  |TAMS 0x0000013226000000, 0x0000013226000000| Complete 
|   8|0x0000013226000000, 0x0000013228000000, 0x0000013228000000|100%|HC|  |TAMS 0x0000013228000000, 0x0000013228000000| Complete 
|   9|0x0000013228000000, 0x000001322a000000, 0x000001322a000000|100%|HC|  |TAMS 0x000001322a000000, 0x000001322a000000| Complete 
|  10|0x000001322a000000, 0x000001322c000000, 0x000001322c000000|100%|HS|  |TAMS 0x000001322c000000, 0x000001322c000000| Complete 
|  11|0x000001322c000000, 0x000001322e000000, 0x000001322e000000|100%|HC|  |TAMS 0x000001322e000000, 0x000001322e000000| Complete 
|  12|0x000001322e000000, 0x0000013230000000, 0x0000013230000000|100%|HC|  |TAMS 0x0000013230000000, 0x0000013230000000| Complete 
|  13|0x0000013230000000, 0x0000013232000000, 0x0000013232000000|100%|HS|  |TAMS 0x0000013232000000, 0x0000013232000000| Complete 
|  14|0x0000013232000000, 0x0000013234000000, 0x0000013234000000|100%|HC|  |TAMS 0x0000013234000000, 0x0000013234000000| Complete 
|  15|0x0000013234000000, 0x0000013236000000, 0x0000013236000000|100%|HC|  |TAMS 0x0000013236000000, 0x0000013236000000| Complete 
|  16|0x0000013236000000, 0x0000013238000000, 0x0000013238000000|100%|HS|  |TAMS 0x0000013238000000, 0x0000013238000000| Complete 
|  17|0x0000013238000000, 0x000001323a000000, 0x000001323a000000|100%|HC|  |TAMS 0x000001323a000000, 0x000001323a000000| Complete 
|  18|0x000001323a000000, 0x000001323c000000, 0x000001323c000000|100%|HC|  |TAMS 0x000001323c000000, 0x000001323c000000| Complete 
|  19|0x000001323c000000, 0x000001323e000000, 0x000001323e000000|100%|HS|  |TAMS 0x000001323e000000, 0x000001323e000000| Complete 
|  20|0x000001323e000000, 0x0000013240000000, 0x0000013240000000|100%|HC|  |TAMS 0x0000013240000000, 0x0000013240000000| Complete 
|  21|0x0000013240000000, 0x0000013242000000, 0x0000013242000000|100%|HC|  |TAMS 0x0000013242000000, 0x0000013242000000| Complete 
|  22|0x0000013242000000, 0x0000013244000000, 0x0000013244000000|100%|HS|  |TAMS 0x0000013244000000, 0x0000013244000000| Complete 
|  23|0x0000013244000000, 0x0000013246000000, 0x0000013246000000|100%|HC|  |TAMS 0x0000013246000000, 0x0000013246000000| Complete 
|  24|0x0000013246000000, 0x0000013248000000, 0x0000013248000000|100%|HC|  |TAMS 0x0000013248000000, 0x0000013248000000| Complete 
|  25|0x0000013248000000, 0x000001324a000000, 0x000001324a000000|100%|HS|  |TAMS 0x000001324a000000, 0x000001324a000000| Complete 
|  26|0x000001324a000000, 0x000001324c000000, 0x000001324c000000|100%|HC|  |TAMS 0x000001324c000000, 0x000001324c000000| Complete 
|  27|0x000001324c000000, 0x000001324e000000, 0x000001324e000000|100%|HC|  |TAMS 0x000001324e000000, 0x000001324e000000| Complete 
|  28|0x000001324e000000, 0x000001324e000000, 0x0000013250000000|  0%| F|  |TAMS 0x000001324e000000, 0x000001324e000000| Untracked 
|  29|0x0000013250000000, 0x0000013250000000, 0x0000013252000000|  0%| F|  |TAMS 0x0000013250000000, 0x0000013250000000| Untracked 
|  30|0x0000013252000000, 0x0000013252000000, 0x0000013254000000|  0%| F|  |TAMS 0x0000013252000000, 0x0000013252000000| Untracked 
|  31|0x0000013254000000, 0x0000013254000000, 0x0000013256000000|  0%| F|  |TAMS 0x0000013254000000, 0x0000013254000000| Untracked 
|  32|0x0000013256000000, 0x0000013258000000, 0x0000013258000000|100%|HS|  |TAMS 0x0000013258000000, 0x0000013258000000| Complete 
|  33|0x0000013258000000, 0x000001325a000000, 0x000001325a000000|100%|HC|  |TAMS 0x000001325a000000, 0x000001325a000000| Complete 
|  34|0x000001325a000000, 0x000001325c000000, 0x000001325c000000|100%|HC|  |TAMS 0x000001325c000000, 0x000001325c000000| Complete 
|  35|0x000001325c000000, 0x000001325e000000, 0x000001325e000000|100%|HS|  |TAMS 0x000001325e000000, 0x000001325e000000| Complete 
|  36|0x000001325e000000, 0x0000013260000000, 0x0000013260000000|100%|HC|  |TAMS 0x0000013260000000, 0x0000013260000000| Complete 
|  37|0x0000013260000000, 0x0000013262000000, 0x0000013262000000|100%|HC|  |TAMS 0x0000013262000000, 0x0000013262000000| Complete 
|  38|0x0000013262000000, 0x0000013264000000, 0x0000013264000000|100%|HS|  |TAMS 0x0000013264000000, 0x0000013264000000| Complete 
|  39|0x0000013264000000, 0x0000013266000000, 0x0000013266000000|100%|HC|  |TAMS 0x0000013266000000, 0x0000013266000000| Complete 
|  40|0x0000013266000000, 0x0000013268000000, 0x0000013268000000|100%|HC|  |TAMS 0x0000013268000000, 0x0000013268000000| Complete 
|  41|0x0000013268000000, 0x0000013268000000, 0x000001326a000000|  0%| F|  |TAMS 0x0000013268000000, 0x0000013268000000| Untracked 
|  42|0x000001326a000000, 0x000001326a000000, 0x000001326c000000|  0%| F|  |TAMS 0x000001326a000000, 0x000001326a000000| Untracked 
|  43|0x000001326c000000, 0x000001326e000000, 0x000001326e000000|100%|HS|  |TAMS 0x000001326e000000, 0x000001326e000000| Complete 
|  44|0x000001326e000000, 0x0000013270000000, 0x0000013270000000|100%|HC|  |TAMS 0x0000013270000000, 0x0000013270000000| Complete 
|  45|0x0000013270000000, 0x0000013272000000, 0x0000013272000000|100%|HC|  |TAMS 0x0000013272000000, 0x0000013272000000| Complete 
|  46|0x0000013272000000, 0x0000013272000000, 0x0000013274000000|  0%| F|  |TAMS 0x0000013272000000, 0x0000013272000000| Untracked 
|  47|0x0000013274000000, 0x0000013274000000, 0x0000013276000000|  0%| F|  |TAMS 0x0000013274000000, 0x0000013274000000| Untracked 
|  48|0x0000013276000000, 0x0000013276000000, 0x0000013278000000|  0%| F|  |TAMS 0x0000013276000000, 0x0000013276000000| Untracked 
|  49|0x0000013278000000, 0x000001327a000000, 0x000001327a000000|100%|HS|  |TAMS 0x0000013278000000, 0x000001327a000000| Complete 
|  50|0x000001327a000000, 0x000001327c000000, 0x000001327c000000|100%|HC|  |TAMS 0x000001327a000000, 0x000001327c000000| Complete 
|  51|0x000001327c000000, 0x000001327e000000, 0x000001327e000000|100%|HC|  |TAMS 0x000001327c000000, 0x000001327e000000| Complete 
|  52|0x000001327e000000, 0x000001327e000000, 0x0000013280000000|  0%| F|  |TAMS 0x000001327e000000, 0x000001327e000000| Untracked 
|  53|0x0000013280000000, 0x0000013280000000, 0x0000013282000000|  0%| F|  |TAMS 0x0000013280000000, 0x0000013280000000| Untracked 
|  54|0x0000013282000000, 0x0000013282000000, 0x0000013284000000|  0%| F|  |TAMS 0x0000013282000000, 0x0000013282000000| Untracked 
|  55|0x0000013284000000, 0x0000013284000000, 0x0000013286000000|  0%| F|  |TAMS 0x0000013284000000, 0x0000013284000000| Untracked 
|  56|0x0000013286000000, 0x0000013286000000, 0x0000013288000000|  0%| F|  |TAMS 0x0000013286000000, 0x0000013286000000| Untracked 
|  57|0x0000013288000000, 0x0000013288000000, 0x000001328a000000|  0%| F|  |TAMS 0x0000013288000000, 0x0000013288000000| Untracked 
|  58|0x000001328a000000, 0x000001328a000000, 0x000001328c000000|  0%| F|  |TAMS 0x000001328a000000, 0x000001328a000000| Untracked 
|  59|0x000001328c000000, 0x000001328c000000, 0x000001328e000000|  0%| F|  |TAMS 0x000001328c000000, 0x000001328c000000| Untracked 
|  60|0x000001328e000000, 0x000001328e000000, 0x0000013290000000|  0%| F|  |TAMS 0x000001328e000000, 0x000001328e000000| Untracked 
|  61|0x0000013290000000, 0x0000013290000000, 0x0000013292000000|  0%| F|  |TAMS 0x0000013290000000, 0x0000013290000000| Untracked 
|  62|0x0000013292000000, 0x0000013292000000, 0x0000013294000000|  0%| F|  |TAMS 0x0000013292000000, 0x0000013292000000| Untracked 
|  63|0x0000013294000000, 0x0000013294000000, 0x0000013296000000|  0%| F|  |TAMS 0x0000013294000000, 0x0000013294000000| Untracked 
|  64|0x0000013296000000, 0x0000013296000000, 0x0000013298000000|  0%| F|  |TAMS 0x0000013296000000, 0x0000013296000000| Untracked 
|  65|0x0000013298000000, 0x0000013298000000, 0x000001329a000000|  0%| F|  |TAMS 0x0000013298000000, 0x0000013298000000| Untracked 
|  66|0x000001329a000000, 0x000001329a000000, 0x000001329c000000|  0%| F|  |TAMS 0x000001329a000000, 0x000001329a000000| Untracked 
|  67|0x000001329c000000, 0x000001329c000000, 0x000001329e000000|  0%| F|  |TAMS 0x000001329c000000, 0x000001329c000000| Untracked 
|  68|0x000001329e000000, 0x000001329e000000, 0x00000132a0000000|  0%| F|  |TAMS 0x000001329e000000, 0x000001329e000000| Untracked 
|  69|0x00000132a0000000, 0x00000132a0000000, 0x00000132a2000000|  0%| F|  |TAMS 0x00000132a0000000, 0x00000132a0000000| Untracked 
|  70|0x00000132a2000000, 0x00000132a2000000, 0x00000132a4000000|  0%| F|  |TAMS 0x00000132a2000000, 0x00000132a2000000| Untracked 
|  71|0x00000132a4000000, 0x00000132a4000000, 0x00000132a6000000|  0%| F|  |TAMS 0x00000132a4000000, 0x00000132a4000000| Untracked 
|  72|0x00000132a6000000, 0x00000132a6000000, 0x00000132a8000000|  0%| F|  |TAMS 0x00000132a6000000, 0x00000132a6000000| Untracked 
|  73|0x00000132a8000000, 0x00000132a8000000, 0x00000132aa000000|  0%| F|  |TAMS 0x00000132a8000000, 0x00000132a8000000| Untracked 
|  74|0x00000132aa000000, 0x00000132aa000000, 0x00000132ac000000|  0%| F|  |TAMS 0x00000132aa000000, 0x00000132aa000000| Untracked 
|  75|0x00000132ac000000, 0x00000132ac000000, 0x00000132ae000000|  0%| F|  |TAMS 0x00000132ac000000, 0x00000132ac000000| Untracked 
|  76|0x00000132ae000000, 0x00000132ae000000, 0x00000132b0000000|  0%| F|  |TAMS 0x00000132ae000000, 0x00000132ae000000| Untracked 
|  77|0x00000132b0000000, 0x00000132b08bddc0, 0x00000132b2000000| 27%| S|CS|TAMS 0x00000132b0000000, 0x00000132b0000000| Complete 
|  78|0x00000132b2000000, 0x00000132b2000000, 0x00000132b4000000|  0%| F|  |TAMS 0x00000132b2000000, 0x00000132b2000000| Untracked 

Card table byte_map: [0x0000017035000000,0x0000017054000000] _byte_map_base: 0x0000016f9bf50000

Marking Bits (Prev, Next): (CMBitMap*) 0x00000132005e2900, (CMBitMap*) 0x00000132005e2940
 Prev Bits: [0x0000017073000000, 0x000001716b000000)
 Next Bits: [0x000001716b000000, 0x0000017263000000)

Polling page: 0x0000013200370000

Metaspace:

Usage:
  Non-class:     13.46 MB used.
      Class:      1.35 MB used.
       Both:     14.81 MB used.

Virtual space:
  Non-class space:       16.00 MB reserved,      13.50 MB ( 84%) committed,  2 nodes.
      Class space:        1.00 GB reserved,       1.44 MB ( <1%) committed,  1 nodes.
              Both:        1.02 GB reserved,      14.94 MB (  1%) committed. 

Chunk freelists:
   Non-Class:  2.45 MB
       Class:  2.60 MB
        Both:  5.05 MB

MaxMetaspaceSize: 17179869184.00 GB
CompressedClassSpaceSize: 1.00 GB
 - commit_granule_bytes: 65536.
 - commit_granule_words: 8192.
 - virtual_space_node_default_size: 1048576.
 - enlarge_chunks_in_place: 1.
 - new_chunks_are_fully_committed: 0.
 - uncommit_free_chunks: 1.
 - use_allocation_guard: 0.
 - handle_deallocations: 1.


Internal statistics:

num_allocs_failed_limit: 0.
num_arena_births: 96.
num_arena_deaths: 0.
num_vsnodes_births: 3.
num_vsnodes_deaths: 0.
num_space_committed: 239.
num_space_uncommitted: 0.
num_chunks_returned_to_freelist: 0.
num_chunks_taken_from_freelist: 213.
num_chunk_merges: 0.
num_chunk_splits: 131.
num_chunks_enlarged: 81.
num_purges: 0.

CodeHeap 'non-profiled nmethods': size=120000Kb used=260Kb max_used=260Kb free=119740Kb
 bounds [0x000001320cd20000, 0x000001320cf90000, 0x0000013214250000]
CodeHeap 'profiled nmethods': size=120000Kb used=1579Kb max_used=1579Kb free=118420Kb
 bounds [0x00000132057f0000, 0x0000013205a60000, 0x000001320cd20000]
CodeHeap 'non-nmethods': size=5760Kb used=1273Kb max_used=1289Kb free=4487Kb
 bounds [0x0000013205250000, 0x00000132054c0000, 0x00000132057f0000]
 total_blobs=1512 nmethods=918 adapters=507
 compilation: enabled
              stopped_count=0, restarted_count=0
 full_count=0

Compilation events (20 events):
Event: 26.916 Thread 0x000001726609f2a0  911       3       stegers.convol::BR (39 bytes)
Event: 26.916 Thread 0x000001726609f2a0 nmethod 911 0x0000013205974610 code [0x00000132059747c0, 0x00000132059749d8]
Event: 26.986 Thread 0x0000017266094780 nmethod 910% 0x000001320cd5ef10 code [0x000001320cd5f0a0, 0x000001320cd5f958]
Event: 26.986 Thread 0x0000017266094780  912       4       stegers.convol::BR (39 bytes)
Event: 26.987 Thread 0x0000017266094780 nmethod 912 0x000001320cd5fd90 code [0x000001320cd5ff00, 0x000001320cd5ff98]
Event: 26.988 Thread 0x000001726609f2a0  913 %     3       stegers.convol::convolve_cols_gauss @ 65 (402 bytes)
Event: 26.990 Thread 0x000001726609f2a0 nmethod 913% 0x0000013205974a90 code [0x0000013205974d40, 0x00000132059760b8]
Event: 26.990 Thread 0x000001726609f2a0  914       3       stegers.convol::convolve_cols_gauss (402 bytes)
Event: 26.991 Thread 0x000001726609f2a0 nmethod 914 0x0000013205976990 code [0x0000013205976c20, 0x0000013205977dd8]
Event: 26.991 Thread 0x0000017266094780  915 %     4       stegers.convol::convolve_cols_gauss @ 65 (402 bytes)
Event: 27.000 Thread 0x0000017266094780 nmethod 915% 0x000001320cd60090 code [0x000001320cd60220, 0x000001320cd60938]
Event: 27.126 Thread 0x000001726609f2a0  916       3       stegers.convol::BC (39 bytes)
Event: 27.126 Thread 0x000001726609f2a0 nmethod 916 0x0000013205978590 code [0x0000013205978740, 0x0000013205978958]
Event: 27.126 Thread 0x000001726609f2a0  917 %     3       stegers.convol::convolve_cols_gauss @ 180 (402 bytes)
Event: 27.126 Thread 0x0000017266094780  918       4       stegers.convol::BC (39 bytes)
Event: 27.127 Thread 0x0000017266094780 nmethod 918 0x000001320cd60d10 code [0x000001320cd60ea0, 0x000001320cd60f58]
Event: 27.127 Thread 0x000001726609f2a0 nmethod 917% 0x0000013205978a10 code [0x0000013205978cc0, 0x0000013205979f58]
Event: 27.127 Thread 0x0000017266094780  919 %     4       stegers.convol::convolve_cols_gauss @ 180 (402 bytes)
Event: 27.128 Thread 0x000001726609f2a0  920       3       stegers.convol::BC (39 bytes)
Event: 27.128 Thread 0x000001726609f2a0 nmethod 920 0x000001320597a810 code [0x000001320597a9c0, 0x000001320597abd8]

GC Heap History (19 events):
Event: 0.483 GC heap before
{Heap before GC invocations=0 (full 0):
 garbage-first heap   total 131072K, used 0K [0x0000013216000000, 0x0000017016000000)
  region size 32768K, 1 young (32768K), 0 survivors (0K)
 Metaspace       used 11405K, committed 11584K, reserved 1064960K
  class space    used 970K, committed 1024K, reserved 1048576K
}
Event: 0.490 GC heap after
{Heap after GC invocations=1 (full 0):
 garbage-first heap   total 131072K, used 18215K [0x0000013216000000, 0x0000017016000000)
  region size 32768K, 1 young (32768K), 1 survivors (32768K)
 Metaspace       used 11405K, committed 11584K, reserved 1064960K
  class space    used 970K, committed 1024K, reserved 1048576K
}
Event: 26.315 GC heap before
{Heap before GC invocations=1 (full 0):
 garbage-first heap   total 131072K, used 18215K [0x0000013216000000, 0x0000017016000000)
  region size 32768K, 2 young (65536K), 1 survivors (32768K)
 Metaspace       used 15144K, committed 15296K, reserved 1064960K
  class space    used 1384K, committed 1472K, reserved 1048576K
}
Event: 26.321 GC heap after
{Heap after GC invocations=2 (full 0):
 garbage-first heap   total 131072K, used 10846K [0x0000013216000000, 0x0000017016000000)
  region size 32768K, 1 young (32768K), 1 survivors (32768K)
 Metaspace       used 15144K, committed 15296K, reserved 1064960K
  class space    used 1384K, committed 1472K, reserved 1048576K
}
Event: 26.344 GC heap before
{Heap before GC invocations=2 (full 0):
 garbage-first heap   total 163840K, used 109150K [0x0000013216000000, 0x0000017016000000)
  region size 32768K, 1 young (32768K), 1 survivors (32768K)
 Metaspace       used 15146K, committed 15296K, reserved 1064960K
  class space    used 1384K, committed 1472K, reserved 1048576K
}
Event: 26.348 GC heap after
{Heap after GC invocations=3 (full 0):
 garbage-first heap   total 196608K, used 117293K [0x0000013216000000, 0x0000017016000000)
  region size 32768K, 1 young (32768K), 1 survivors (32768K)
 Metaspace       used 15146K, committed 15296K, reserved 1064960K
  class space    used 1384K, committed 1472K, reserved 1048576K
}
Event: 26.367 GC heap before
{Heap before GC invocations=3 (full 0):
 garbage-first heap   total 196608K, used 117293K [0x0000013216000000, 0x0000017016000000)
  region size 32768K, 2 young (65536K), 1 survivors (32768K)
 Metaspace       used 15148K, committed 15296K, reserved 1064960K
  class space    used 1384K, committed 1472K, reserved 1048576K
}
Event: 26.372 GC heap after
{Heap after GC invocations=4 (full 0):
 garbage-first heap   total 229376K, used 109044K [0x0000013216000000, 0x0000017016000000)
  region size 32768K, 1 young (32768K), 1 survivors (32768K)
 Metaspace       used 15148K, committed 15296K, reserved 1064960K
  class space    used 1384K, committed 1472K, reserved 1048576K
}
Event: 26.456 GC heap before
{Heap before GC invocations=5 (full 0):
 garbage-first heap   total 524288K, used 403956K [0x0000013216000000, 0x0000017016000000)
  region size 32768K, 1 young (32768K), 1 survivors (32768K)
 Metaspace       used 15148K, committed 15296K, reserved 1064960K
  class space    used 1384K, committed 1472K, reserved 1048576K
}
Event: 26.460 GC heap after
{Heap after GC invocations=6 (full 0):
 garbage-first heap   total 524288K, used 403938K [0x0000013216000000, 0x0000017016000000)
  region size 32768K, 1 young (32768K), 1 survivors (32768K)
 Metaspace       used 15148K, committed 15296K, reserved 1064960K
  class space    used 1384K, committed 1472K, reserved 1048576K
}
Event: 26.537 GC heap before
{Heap before GC invocations=7 (full 0):
 garbage-first heap   total 950272K, used 698850K [0x0000013216000000, 0x0000017016000000)
  region size 32768K, 1 young (32768K), 1 survivors (32768K)
 Metaspace       used 15148K, committed 15296K, reserved 1064960K
  class space    used 1384K, committed 1472K, reserved 1048576K
}
Event: 26.543 GC heap after
{Heap after GC invocations=8 (full 0):
 garbage-first heap   total 950272K, used 707065K [0x0000013216000000, 0x0000017016000000)
  region size 32768K, 1 young (32768K), 1 survivors (32768K)
 Metaspace       used 15148K, committed 15296K, reserved 1064960K
  class space    used 1384K, committed 1472K, reserved 1048576K
}
Event: 26.634 GC heap before
{Heap before GC invocations=9 (full 0):
 garbage-first heap   total 1441792K, used 1001977K [0x0000013216000000, 0x0000017016000000)
  region size 32768K, 2 young (65536K), 1 survivors (32768K)
 Metaspace       used 15161K, committed 15296K, reserved 1064960K
  class space    used 1384K, committed 1472K, reserved 1048576K
}
Event: 26.640 GC heap after
{Heap after GC invocations=10 (full 0):
 garbage-first heap   total 1441792K, used 993755K [0x0000013216000000, 0x0000017016000000)
  region size 32768K, 1 young (32768K), 1 survivors (32768K)
 Metaspace       used 15161K, committed 15296K, reserved 1064960K
  class space    used 1384K, committed 1472K, reserved 1048576K
}
Event: 26.732 GC heap before
{Heap before GC invocations=11 (full 0):
 garbage-first heap   total 1933312K, used 1288667K [0x0000013216000000, 0x0000017016000000)
  region size 32768K, 2 young (65536K), 1 survivors (32768K)
 Metaspace       used 15162K, committed 15296K, reserved 1064960K
  class space    used 1384K, committed 1472K, reserved 1048576K
}
Event: 26.737 GC heap after
{Heap after GC invocations=12 (full 0):
 garbage-first heap   total 1933312K, used 1288685K [0x0000013216000000, 0x0000017016000000)
  region size 32768K, 1 young (32768K), 1 survivors (32768K)
 Metaspace       used 15162K, committed 15296K, reserved 1064960K
  class space    used 1384K, committed 1472K, reserved 1048576K
}
Event: 26.918 GC heap before
{Heap before GC invocations=13 (full 0):
 garbage-first heap   total 2424832K, used 1386989K [0x0000013216000000, 0x0000017016000000)
  region size 32768K, 1 young (32768K), 1 survivors (32768K)
 Metaspace       used 15164K, committed 15296K, reserved 1064960K
  class space    used 1384K, committed 1472K, reserved 1048576K
}
Event: 26.922 GC heap after
{Heap after GC invocations=14 (full 0):
 garbage-first heap   total 2424832K, used 1386971K [0x0000013216000000, 0x0000017016000000)
  region size 32768K, 1 young (32768K), 1 survivors (32768K)
 Metaspace       used 15164K, committed 15296K, reserved 1064960K
  class space    used 1384K, committed 1472K, reserved 1048576K
}
Event: 27.130 GC heap before
{Heap before GC invocations=15 (full 0):
 garbage-first heap   total 2588672K, used 1485275K [0x0000013216000000, 0x0000017016000000)
  region size 32768K, 2 young (65536K), 1 survivors (32768K)
 Metaspace       used 15166K, committed 15296K, reserved 1064960K
  class space    used 1384K, committed 1472K, reserved 1048576K
}

Deoptimization events (20 events):
Event: 26.779 Thread 0x00000172663b2d80 DEOPT PACKING pc=0x000001320cd5cce0 sp=0x0000001a382fec00
Event: 26.779 Thread 0x00000172663b2d80 DEOPT UNPACKING pc=0x000001320529d72e sp=0x0000001a382febb0 mode 2
Event: 26.914 Thread 0x00000172663b2d80 Uncommon trap: trap_request=0xffffff45 fr.pc=0x000001320cd5e5c4 relative=0x0000000000000524
Event: 26.914 Thread 0x00000172663b2d80 Uncommon trap: reason=unstable_if action=reinterpret pc=0x000001320cd5e5c4 method=stegers.convol.convolve_rows_gauss([D[D)[D @ 143 c2
Event: 26.914 Thread 0x00000172663b2d80 DEOPT PACKING pc=0x000001320cd5e5c4 sp=0x0000001a382fec00
Event: 26.914 Thread 0x00000172663b2d80 DEOPT UNPACKING pc=0x000001320529d72e sp=0x0000001a382febb0 mode 2
Event: 26.916 Thread 0x00000172663b2d80 Uncommon trap: trap_request=0xffffff45 fr.pc=0x000001320cd5ee10 relative=0x0000000000000070
Event: 26.916 Thread 0x00000172663b2d80 Uncommon trap: reason=unstable_if action=reinterpret pc=0x000001320cd5ee10 method=stegers.convol.BR(J)J @ 18 c2
Event: 26.916 Thread 0x00000172663b2d80 DEOPT PACKING pc=0x000001320cd5ee10 sp=0x0000001a382feac0
Event: 26.916 Thread 0x00000172663b2d80 DEOPT UNPACKING pc=0x000001320529d72e sp=0x0000001a382fea48 mode 2
Event: 27.000 Thread 0x00000172663b2d80 DEOPT PACKING pc=0x0000013205975e1e sp=0x0000001a382feb20
Event: 27.000 Thread 0x00000172663b2d80 DEOPT UNPACKING pc=0x000001320529dece sp=0x0000001a382fe088 mode 0
Event: 27.126 Thread 0x00000172663b2d80 Uncommon trap: trap_request=0xffffff9d fr.pc=0x000001320cd60720 relative=0x0000000000000500
Event: 27.126 Thread 0x00000172663b2d80 Uncommon trap: reason=unreached action=reinterpret pc=0x000001320cd60720 method=stegers.convol.convolve_cols_gauss([D[D)[D @ 264 c2
Event: 27.126 Thread 0x00000172663b2d80 DEOPT PACKING pc=0x000001320cd60720 sp=0x0000001a382fec00
Event: 27.126 Thread 0x00000172663b2d80 DEOPT UNPACKING pc=0x000001320529d72e sp=0x0000001a382febb0 mode 2
Event: 27.128 Thread 0x00000172663b2d80 Uncommon trap: trap_request=0xffffff45 fr.pc=0x000001320cd60f10 relative=0x0000000000000070
Event: 27.128 Thread 0x00000172663b2d80 Uncommon trap: reason=unstable_if action=reinterpret pc=0x000001320cd60f10 method=stegers.convol.BC(J)J @ 18 c2
Event: 27.128 Thread 0x00000172663b2d80 DEOPT PACKING pc=0x000001320cd60f10 sp=0x0000001a382feab0
Event: 27.128 Thread 0x00000172663b2d80 DEOPT UNPACKING pc=0x000001320529d72e sp=0x0000001a382fea38 mode 2

Classes unloaded (0 events):
No events

Classes redefined (0 events):
No events

Internal exceptions (10 events):
Event: 0.153 Thread 0x000001320050b6d0 Exception <a 'java/lang/ClassNotFoundException'{0x000001321c3ec610}: sun/awt/resources/spi/awtProvider> (0x000001321c3ec610) 
thrown [t:\workspace\open\src\hotspot\share\classfile\systemDictionary.cpp, line 256]
Event: 0.186 Thread 0x000001320050b6d0 Exception <a 'java/io/FileNotFoundException'{0x000001321c465230}> (0x000001321c465230) 
thrown [t:\workspace\open\src\hotspot\share\prims\jni.cpp, line 579]
Event: 0.195 Thread 0x000001320050b6d0 Exception <a 'java/io/FileNotFoundException'{0x000001321c4a0678}> (0x000001321c4a0678) 
thrown [t:\workspace\open\src\hotspot\share\prims\jni.cpp, line 579]
Event: 0.195 Thread 0x000001320050b6d0 Exception <a 'java/lang/NoSuchMethodError'{0x000001321c4a1f50}: 'java.lang.Object java.lang.invoke.DirectMethodHandle$Holder.invokeStatic(java.lang.Object)'> (0x000001321c4a1f50) 
thrown [t:\workspace\open\src\hotspot\share\interpreter\linkResolver.cpp, line 790]
Event: 0.221 Thread 0x000001320050b6d0 Exception <a 'java/lang/NoSuchMethodError'{0x000001321c58f7f0}: 'void java.lang.invoke.DirectMethodHandle$Holder.invokeSpecial(java.lang.Object, java.lang.Object, java.lang.Object)'> (0x000001321c58f7f0) 
thrown [t:\workspace\open\src\hotspot\share\interpreter\linkResolver.cpp, line 790]
Event: 0.299 Thread 0x00000172663b2d80 Exception <a 'java/lang/NoSuchMethodError'{0x000001321c85dab0}: 'java.lang.Object java.lang.invoke.DirectMethodHandle$Holder.invokeStaticInit(java.lang.Object)'> (0x000001321c85dab0) 
thrown [t:\workspace\open\src\hotspot\share\interpreter\linkResolver.cpp, line 790]
Event: 0.325 Thread 0x00000172665a5190 Exception <a 'java/lang/NoSuchMethodError'{0x000001321ca21260}: 'java.lang.Object java.lang.invoke.DirectMethodHandle$Holder.newInvokeSpecial(java.lang.Object, java.lang.Object, java.lang.Object, int, int, int, int, int)'> (0x000001321ca21260) 
thrown [t:\workspace\open\src\hotspot\share\interpreter\linkResolver.cpp, line 790]
Event: 0.693 Thread 0x00000172663b2d80 Exception <a 'java/lang/NoSuchMethodError'{0x000001321c9165e8}: 'void java.lang.invoke.DirectMethodHandle$Holder.invokeStaticInit(java.lang.Object)'> (0x000001321c9165e8) 
thrown [t:\workspace\open\src\hotspot\share\interpreter\linkResolver.cpp, line 790]
Event: 0.698 Thread 0x00000172663b43d0 Exception <a 'java/lang/NoSuchMethodError'{0x000001321c94ab88}: 'void java.lang.invoke.DirectMethodHandle$Holder.invokeVirtual(java.lang.Object, java.lang.Object)'> (0x000001321c94ab88) 
thrown [t:\workspace\open\src\hotspot\share\interpreter\linkResolver.cpp, line 790]
Event: 0.856 Thread 0x00000172663b2d80 Exception <a 'java/lang/NoSuchMethodError'{0x000001321cac9df8}: 'int java.lang.invoke.DirectMethodHandle$Holder.invokeStatic(java.lang.Object)'> (0x000001321cac9df8) 
thrown [t:\workspace\open\src\hotspot\share\interpreter\linkResolver.cpp, line 790]

Events (20 events):
Event: 26.609 Executing  VM operation: G1Concurrent done
Event: 26.633 Executing  VM operation: G1TryInitiateConcMark
Event: 26.640 Executing  VM operation: G1TryInitiateConcMark done
Event: 26.646 Executing  VM operation: G1Concurrent
Event: 26.675 Executing  VM operation: G1Concurrent done
Event: 26.676 Executing  VM operation: G1Concurrent
Event: 26.703 Executing  VM operation: G1Concurrent done
Event: 26.732 Executing  VM operation: G1TryInitiateConcMark
Event: 26.737 Executing  VM operation: G1TryInitiateConcMark done
Event: 26.740 Executing  VM operation: G1Concurrent
Event: 26.768 Executing  VM operation: G1Concurrent done
Event: 26.770 Executing  VM operation: G1Concurrent
Event: 26.770 Executing  VM operation: G1Concurrent done
Event: 26.918 Executing  VM operation: G1TryInitiateConcMark
Event: 26.922 Executing  VM operation: G1TryInitiateConcMark done
Event: 26.927 Executing  VM operation: G1Concurrent
Event: 26.986 Executing  VM operation: G1Concurrent done
Event: 26.987 Executing  VM operation: G1Concurrent
Event: 26.987 Executing  VM operation: G1Concurrent done
Event: 27.130 Executing  VM operation: G1TryInitiateConcMark


Dynamic libraries:
0x00007ff73caf0000 - 0x00007ff73cafe000 	C:\Users\Akhil\.p2\pool\plugins\org.eclipse.justj.openjdk.hotspot.jre.full.win32.x86_64_16.0.1.v20210528-1205\jre\bin\javaw.exe
0x00007ffe88860000 - 0x00007ffe88a67000 	C:\WINDOWS\SYSTEM32\ntdll.dll
0x00007ffe88120000 - 0x00007ffe881dd000 	C:\WINDOWS\System32\KERNEL32.DLL
0x00007ffe85eb0000 - 0x00007ffe86224000 	C:\WINDOWS\System32\KERNELBASE.dll
0x00007ffe86230000 - 0x00007ffe86341000 	C:\WINDOWS\System32\ucrtbase.dll
0x00007ffe7f2f0000 - 0x00007ffe7f308000 	C:\Users\Akhil\.p2\pool\plugins\org.eclipse.justj.openjdk.hotspot.jre.full.win32.x86_64_16.0.1.v20210528-1205\jre\bin\jli.dll
0x00007ffe7ea80000 - 0x00007ffe7ea99000 	C:\Users\Akhil\.p2\pool\plugins\org.eclipse.justj.openjdk.hotspot.jre.full.win32.x86_64_16.0.1.v20210528-1205\jre\bin\VCRUNTIME140.dll
0x00007ffe87140000 - 0x00007ffe872ec000 	C:\WINDOWS\System32\USER32.dll
0x00007ffe86560000 - 0x00007ffe86586000 	C:\WINDOWS\System32\win32u.dll
0x00007ffe72d80000 - 0x00007ffe73025000 	C:\WINDOWS\WinSxS\amd64_microsoft.windows.common-controls_6595b64144ccf1df_6.0.22000.120_none_9d947278b86cc467\COMCTL32.dll
0x00007ffe879f0000 - 0x00007ffe87a19000 	C:\WINDOWS\System32\GDI32.dll
0x00007ffe87ba0000 - 0x00007ffe87c43000 	C:\WINDOWS\System32\msvcrt.dll
0x00007ffe863c0000 - 0x00007ffe864d2000 	C:\WINDOWS\System32\gdi32full.dll
0x00007ffe86650000 - 0x00007ffe866ed000 	C:\WINDOWS\System32\msvcp_win.dll
0x00007ffe87950000 - 0x00007ffe87981000 	C:\WINDOWS\System32\IMM32.DLL
0x00007ffe81090000 - 0x00007ffe8109c000 	C:\Users\Akhil\.p2\pool\plugins\org.eclipse.justj.openjdk.hotspot.jre.full.win32.x86_64_16.0.1.v20210528-1205\jre\bin\vcruntime140_1.dll
0x00007ffe617d0000 - 0x00007ffe61861000 	C:\Users\Akhil\.p2\pool\plugins\org.eclipse.justj.openjdk.hotspot.jre.full.win32.x86_64_16.0.1.v20210528-1205\jre\bin\msvcp140.dll
0x00007ffe2fe60000 - 0x00007ffe30a0b000 	C:\Users\Akhil\.p2\pool\plugins\org.eclipse.justj.openjdk.hotspot.jre.full.win32.x86_64_16.0.1.v20210528-1205\jre\bin\server\jvm.dll
0x00007ffe885b0000 - 0x00007ffe8865c000 	C:\WINDOWS\System32\ADVAPI32.dll
0x00007ffe88780000 - 0x00007ffe8881d000 	C:\WINDOWS\System32\sechost.dll
0x00007ffe87810000 - 0x00007ffe87931000 	C:\WINDOWS\System32\RPCRT4.dll
0x00007ffe88400000 - 0x00007ffe88408000 	C:\WINDOWS\System32\PSAPI.DLL
0x00007ffe695e0000 - 0x00007ffe695e9000 	C:\WINDOWS\SYSTEM32\WSOCK32.dll
0x00007ffe800c0000 - 0x00007ffe800f3000 	C:\WINDOWS\SYSTEM32\WINMM.dll
0x00007ffe881e0000 - 0x00007ffe8824f000 	C:\WINDOWS\System32\WS2_32.dll
0x00007ffe7f7c0000 - 0x00007ffe7f7ca000 	C:\WINDOWS\SYSTEM32\VERSION.dll
0x00007ffe84e60000 - 0x00007ffe84e78000 	C:\WINDOWS\SYSTEM32\kernel.appcore.dll
0x00007ffe68500000 - 0x00007ffe6850a000 	C:\Users\Akhil\.p2\pool\plugins\org.eclipse.justj.openjdk.hotspot.jre.full.win32.x86_64_16.0.1.v20210528-1205\jre\bin\jimage.dll
0x00007ffe83540000 - 0x00007ffe83761000 	C:\WINDOWS\SYSTEM32\DBGHELP.DLL
0x00007ffe7f050000 - 0x00007ffe7f081000 	C:\WINDOWS\SYSTEM32\dbgcore.DLL
0x00007ffe864e0000 - 0x00007ffe86560000 	C:\WINDOWS\System32\bcryptPrimitives.dll
0x00007ffe313b0000 - 0x00007ffe313d5000 	C:\Users\Akhil\.p2\pool\plugins\org.eclipse.justj.openjdk.hotspot.jre.full.win32.x86_64_16.0.1.v20210528-1205\jre\bin\java.dll
0x00007ffe316e0000 - 0x00007ffe316f8000 	C:\Users\Akhil\.p2\pool\plugins\org.eclipse.justj.openjdk.hotspot.jre.full.win32.x86_64_16.0.1.v20210528-1205\jre\bin\zip.dll
0x00007ffe867d0000 - 0x00007ffe86f7a000 	C:\WINDOWS\System32\SHELL32.dll
0x00007ffe83ee0000 - 0x00007ffe84742000 	C:\WINDOWS\SYSTEM32\windows.storage.dll
0x00007ffe87490000 - 0x00007ffe87808000 	C:\WINDOWS\System32\combase.dll
0x00007ffe83d70000 - 0x00007ffe83ed6000 	C:\WINDOWS\SYSTEM32\wintypes.dll
0x00007ffe87ab0000 - 0x00007ffe87b9a000 	C:\WINDOWS\System32\SHCORE.dll
0x00007ffe886a0000 - 0x00007ffe886fd000 	C:\WINDOWS\System32\shlwapi.dll
0x00007ffe85c70000 - 0x00007ffe85c91000 	C:\WINDOWS\SYSTEM32\profapi.dll
0x00007ffe66ed0000 - 0x00007ffe66ee0000 	C:\Users\Akhil\.p2\pool\plugins\org.eclipse.justj.openjdk.hotspot.jre.full.win32.x86_64_16.0.1.v20210528-1205\jre\bin\verify.dll
0x00007ffe32de0000 - 0x00007ffe32df9000 	C:\Users\Akhil\.p2\pool\plugins\org.eclipse.justj.openjdk.hotspot.jre.full.win32.x86_64_16.0.1.v20210528-1205\jre\bin\net.dll
0x00007ffe7ff90000 - 0x00007ffe8009c000 	C:\WINDOWS\SYSTEM32\WINHTTP.dll
0x00007ffe852e0000 - 0x00007ffe85347000 	C:\WINDOWS\system32\mswsock.dll
0x00007ffe32dc0000 - 0x00007ffe32dd3000 	C:\Users\Akhil\.p2\pool\plugins\org.eclipse.justj.openjdk.hotspot.jre.full.win32.x86_64_16.0.1.v20210528-1205\jre\bin\nio.dll
0x00007ffe61650000 - 0x00007ffe617cf000 	C:\Users\Akhil\.p2\pool\plugins\org.eclipse.justj.openjdk.hotspot.jre.full.win32.x86_64_16.0.1.v20210528-1205\jre\bin\awt.dll
0x00007ffe866f0000 - 0x00007ffe867c6000 	C:\WINDOWS\System32\OLEAUT32.dll
0x00007ffe82f40000 - 0x00007ffe82fd1000 	C:\WINDOWS\SYSTEM32\apphelp.dll
0x00007ffe830f0000 - 0x00007ffe8319c000 	C:\WINDOWS\system32\uxtheme.dll
0x00007ffe88260000 - 0x00007ffe8837e000 	C:\WINDOWS\System32\MSCTF.dll
0x00007ffe872f0000 - 0x00007ffe8748a000 	C:\WINDOWS\System32\ole32.dll
0x00007ffe7e5e0000 - 0x00007ffe7e60d000 	C:\Users\Akhil\.p2\pool\plugins\org.eclipse.justj.openjdk.hotspot.jre.full.win32.x86_64_16.0.1.v20210528-1205\jre\bin\javajpeg.dll
0x00007ffe83770000 - 0x00007ffe8379f000 	C:\WINDOWS\system32\DWMAPI.DLL
0x00007ffe606f0000 - 0x00007ffe607f1000 	C:\WINDOWS\system32\opengl32.dll
0x00007ffe7e5b0000 - 0x00007ffe7e5dd000 	C:\WINDOWS\SYSTEM32\GLU32.dll
0x00007ffe831f0000 - 0x00007ffe83228000 	C:\WINDOWS\SYSTEM32\dxcore.dll
0x00007ffe71a20000 - 0x00007ffe71bc6000 	C:\WINDOWS\system32\d3d9.dll
0x00007ffe65d60000 - 0x00007ffe65e62000 	C:\WINDOWS\System32\DriverStore\FileRepository\nvlt.inf_amd64_01ef36ba3f9e7237\nvldumdx.dll
0x00007ffe85600000 - 0x00007ffe85612000 	C:\WINDOWS\SYSTEM32\msasn1.dll
0x00007ffe7f780000 - 0x00007ffe7f7b1000 	C:\WINDOWS\SYSTEM32\cryptnet.dll
0x00007ffe85d40000 - 0x00007ffe85ea2000 	C:\WINDOWS\System32\CRYPT32.dll
0x00007ffe855a0000 - 0x00007ffe855ac000 	C:\WINDOWS\SYSTEM32\cryptbase.dll
0x00007ffe86350000 - 0x00007ffe863b6000 	C:\WINDOWS\System32\WINTRUST.DLL
0x00007ffe88680000 - 0x00007ffe8869f000 	C:\WINDOWS\System32\imagehlp.dll
0x00007ffe855b0000 - 0x00007ffe855c8000 	C:\WINDOWS\SYSTEM32\CRYPTSP.dll
0x00007ffe84dc0000 - 0x00007ffe84df5000 	C:\WINDOWS\system32\rsaenh.dll
0x00007ffe85720000 - 0x00007ffe85747000 	C:\WINDOWS\SYSTEM32\bcrypt.dll
0x00007ffdfd6a0000 - 0x00007ffdff0bc000 	C:\WINDOWS\System32\DriverStore\FileRepository\nvlt.inf_amd64_01ef36ba3f9e7237\nvd3dumx.dll
0x00007ffe63090000 - 0x00007ffe630d4000 	C:\WINDOWS\SYSTEM32\directxdatabasehelper.dll
0x00007ffe833f0000 - 0x00007ffe83424000 	C:\WINDOWS\SYSTEM32\ntmarta.dll
0x00007ffe4eff0000 - 0x00007ffe4f2b3000 	C:\WINDOWS\system32\nvspcap64.dll
0x00007ffe85370000 - 0x00007ffe85394000 	C:\WINDOWS\SYSTEM32\gpapi.dll
0x00007ffe615c0000 - 0x00007ffe61649000 	C:\Users\Akhil\.p2\pool\plugins\org.eclipse.justj.openjdk.hotspot.jre.full.win32.x86_64_16.0.1.v20210528-1205\jre\bin\freetype.dll
0x00007ffe5d620000 - 0x00007ffe5d716000 	C:\Users\Akhil\.p2\pool\plugins\org.eclipse.justj.openjdk.hotspot.jre.full.win32.x86_64_16.0.1.v20210528-1205\jre\bin\harfbuzz.dll
0x00007ffe7e530000 - 0x00007ffe7e542000 	C:\Users\Akhil\.p2\pool\plugins\org.eclipse.justj.openjdk.hotspot.jre.full.win32.x86_64_16.0.1.v20210528-1205\jre\bin\fontmanager.dll
0x00007ffe5d580000 - 0x00007ffe5d620000 	C:\WINDOWS\system32\RICHED20.DLL
0x00007ffe63680000 - 0x00007ffe636ba000 	C:\WINDOWS\SYSTEM32\msls31.dll
0x00007ffe61440000 - 0x00007ffe61459000 	C:\WINDOWS\SYSTEM32\USP10.dll
0x00007ffe88410000 - 0x00007ffe884bf000 	C:\WINDOWS\System32\clbcatq.dll
0x00007ffe5c890000 - 0x00007ffe5c8ed000 	C:\WINDOWS\system32\dataexchange.dll
0x00007ffe74240000 - 0x00007ffe744a6000 	C:\WINDOWS\system32\twinapi.appcore.dll
0x00007ffe772d0000 - 0x00007ffe773fd000 	C:\WINDOWS\SYSTEM32\textinputframework.dll
0x00007ffe82c50000 - 0x00007ffe82d82000 	C:\WINDOWS\SYSTEM32\CoreMessaging.dll
0x00007ffe62650000 - 0x00007ffe629bd000 	C:\WINDOWS\SYSTEM32\CoreUIComponents.dll

dbghelp: loaded successfully - version: 4.0.5 - missing functions: none
symbol engine: initialized successfully - sym options: 0x614 - pdb path: .;C:\Users\Akhil\.p2\pool\plugins\org.eclipse.justj.openjdk.hotspot.jre.full.win32.x86_64_16.0.1.v20210528-1205\jre\bin;C:\WINDOWS\SYSTEM32;C:\WINDOWS\WinSxS\amd64_microsoft.windows.common-controls_6595b64144ccf1df_6.0.22000.120_none_9d947278b86cc467;C:\Users\Akhil\.p2\pool\plugins\org.eclipse.justj.openjdk.hotspot.jre.full.win32.x86_64_16.0.1.v20210528-1205\jre\bin\server;C:\WINDOWS\System32\DriverStore\FileRepository\nvlt.inf_amd64_01ef36ba3f9e7237

VM Arguments:
jvm_args: -Xmx248G -Dfile.encoding=Cp1252 -XX:+ShowCodeDetailsInExceptionMessages 
java_command: stegers.Steger_source -Xmx248G
java_class_path (initial): C:\Users\Akhil\eclipse-workspace\mt_trace\bin;C:\Users\Akhil\eclipse-workspace\Demo\lib\jama-1.0.3.jar;C:\Users\Akhil\eclipse-workspace\mt_trace\libraries\ij-1.53i.jar
Launcher Type: SUN_STANDARD

[Global flags]
     intx CICompilerCount                          = 4                                         {product} {ergonomic}
     uint ConcGCThreads                            = 3                                         {product} {ergonomic}
     uint G1ConcRefinementThreads                  = 10                                        {product} {ergonomic}
   size_t G1HeapRegionSize                         = 33554432                                  {product} {ergonomic}
    uintx GCDrainStackTargetSize                   = 64                                        {product} {ergonomic}
   size_t InitialHeapSize                          = 134217728                                 {product} {ergonomic}
   size_t MarkStackSize                            = 4194304                                   {product} {ergonomic}
   size_t MaxHeapSize                              = 266287972352                              {product} {command line}
   size_t MaxNewSize                               = 159752650752                              {product} {ergonomic}
   size_t MinHeapDeltaBytes                        = 33554432                                  {product} {ergonomic}
   size_t MinHeapSize                              = 33554432                                  {product} {ergonomic}
    uintx NonNMethodCodeHeapSize                   = 5839372                                {pd product} {ergonomic}
    uintx NonProfiledCodeHeapSize                  = 122909434                              {pd product} {ergonomic}
    uintx ProfiledCodeHeapSize                     = 122909434                              {pd product} {ergonomic}
    uintx ReservedCodeCacheSize                    = 251658240                              {pd product} {ergonomic}
     bool SegmentedCodeCache                       = true                                      {product} {ergonomic}
     bool ShowCodeDetailsInExceptionMessages       = true                                   {manageable} {command line}
   size_t SoftMaxHeapSize                          = 266287972352                           {manageable} {ergonomic}
     bool UseCompressedClassPointers               = true                           {product lp64_product} {ergonomic}
     bool UseG1GC                                  = true                                      {product} {ergonomic}
     bool UseLargePagesIndividualAllocation        = false                                  {pd product} {ergonomic}

Logging:
Log output configuration:
 #0: stdout all=warning uptime,level,tags
 #1: stderr all=off uptime,level,tags

Environment Variables:
JAVA_HOME=C:\Program Files\Java\jdk-16.0.2\
PATH=C:/Users/Akhil/.p2/pool/plugins/org.eclipse.justj.openjdk.hotspot.jre.full.win32.x86_64_16.0.1.v20210528-1205/jre/bin/server;C:/Users/Akhil/.p2/pool/plugins/org.eclipse.justj.openjdk.hotspot.jre.full.win32.x86_64_16.0.1.v20210528-1205/jre/bin;C:\Program Files\Common Files\Oracle\Java\javapath;C:\Windows\system32;C:\Windows;C:\Windows\System32\Wbem;C:\Windows\System32\WindowsPowerShell\v1.0\;C:\Windows\System32\OpenSSH\;C:\Program Files (x86)\NVIDIA Corporation\PhysX\Common;C:\Program Files\NVIDIA Corporation\NVIDIA NvDLISR;C:\WINDOWS\system32;C:\WINDOWS;C:\WINDOWS\System32\Wbem;C:\WINDOWS\System32\WindowsPowerShell\v1.0\;C:\WINDOWS\System32\OpenSSH\;C:\Program Files\mingw-w64\x86_64-8.1.0-posix-seh-rt_v6-rev0\mingw64\bin;C:\Program Files\Java\jdk-16.0.2\bin;C:\Program Files\MySQL\MySQL Shell 8.0\bin\;C:\Users\Akhil\AppData\Local\Programs\Python\Python38\Scripts\;C:\Users\Akhil\AppData\Local\Programs\Python\Python38\;C:\Users\Akhil\AppData\Local\Microsoft\WindowsApps;;C:\Users\Akhil\AppData\Local\Programs\Microsoft VS Code\bin;C:\WINDOWS\System32;
USERNAME=Akhil
OS=Windows_NT
PROCESSOR_IDENTIFIER=Intel64 Family 6 Model 165 Stepping 2, GenuineIntel



---------------  S Y S T E M  ---------------

OS:
 Windows 10 , 64 bit Build 22000 (10.0.22000.282)
OS uptime: 1 days 17:31 hours

CPU: total 12 (initial active 12) (6 cores per cpu, 2 threads per core) family 6 model 165 stepping 2 microcode 0xe2, cx8, cmov, fxsr, ht, mmx, 3dnowpref, sse, sse2, sse3, ssse3, sse4.1, sse4.2, popcnt, lzcnt, tsc, tscinvbit, avx, avx2, aes, erms, clmul, bmi1, bmi2, adx, fma, vzeroupper, clflush, clflushopt

Memory: 4k page, system-wide physical 8099M (1635M free)
TotalPageFile size 32306M (AvailPageFile size 486M)
current process WorkingSet (physical memory assigned to process): 1203M, peak: 1203M
current process commit charge ("private bytes"): 2746M, peak: 5274M

vm_info: OpenJDK 64-Bit Server VM (16.0.1+9-24) for windows-amd64 JRE (16.0.1+9-24), built on Mar 26 2021 19:30:07 by "mach5one" with MS VC++ 16.7 (VS2019)

END.
