#
# There is insufficient memory for the Java Runtime Environment to continue.
# Native memory allocation (mmap) failed to map 1040187392 bytes for committing reserved memory.
# Possible reasons:
#   The system is out of physical RAM or swap space
# Possible solutions:
#   Reduce memory load on the system
#   Increase physical memory or swap space
#   Check if swap backing store is full
#   Decrease Java heap size (-Xmx/-Xms)
#   Decrease number of Java threads
#   Decrease Java thread stack sizes (-Xss)
#   Set larger code cache with -XX:ReservedCodeCacheSize=
# This output file may be truncated or incomplete.
#
#  Out of Memory Error (os_linux.cpp:2833), pid=7619, tid=7631
#
# JRE version: OpenJDK Runtime Environment (16.0.1+9) (build 16.0.1+9-Ubuntu-120.04)
# Java VM: OpenJDK 64-Bit Server VM (16.0.1+9-Ubuntu-120.04, mixed mode, sharing, tiered, compressed class ptrs, g1 gc, linux-amd64)
# Core dump will be written. Default location: Core dumps may be processed with "/usr/share/apport/apport -p%p -s%s -c%c -d%d -P%P -u%u -g%g -- %E" (or dumping to /home/crm/Downloads/curvetrace-main/mt_trace/core.7619)
#

---------------  S U M M A R Y ------------

Command Line: -Xmx64G -Dfile.encoding=UTF-8 stegers.Steger_source -Xmx64G

Host: Intel(R) Core(TM) i3-2120 CPU @ 3.30GHz, 4 cores, 3G, Ubuntu 19.04
Time: Mon Jun 10 12:30:37 2024 IST elapsed time: 165.211156 seconds (0d 0h 2m 45s)

---------------  T H R E A D  ---------------

Current thread (0x00007fa1e40bca00):  VMThread "VM Thread" [stack: 0x00007fa1e863c000,0x00007fa1e873c000] [id=7631]

Stack: [0x00007fa1e863c000,0x00007fa1e873c000],  sp=0x00007fa1e8739fc0,  free space=1015k
Native frames: (J=compiled Java code, A=aot compiled Java code, j=interpreted, Vv=VM code, C=native code)
V  [libjvm.so+0xf2f98a]
V  [libjvm.so+0xf30421]
V  [libjvm.so+0x615857]
V  [libjvm.so+0xc25700]
V  [libjvm.so+0xc1e511]
V  [libjvm.so+0x742bae]
V  [libjvm.so+0x7574f1]
V  [libjvm.so+0x7eda5c]
V  [libjvm.so+0x7eee69]
V  [libjvm.so+0x7ef082]
V  [libjvm.so+0x6fa246]
V  [libjvm.so+0x6fe8ce]
V  [libjvm.so+0x6fe9cd]
V  [libjvm.so+0x77d211]
V  [libjvm.so+0xf34e8f]
V  [libjvm.so+0xf366bc]
V  [libjvm.so+0xf36b68]
V  [libjvm.so+0xf36e37]
V  [libjvm.so+0xead721]
V  [libjvm.so+0xc290af]

VM_Operation (0x00007f9122083e90): G1CollectForAllocation, mode: safepoint, requested by thread 0x00007fa1e4174810


---------------  P R O C E S S  ---------------

Threads class SMR info:
_java_thread_list=0x00007f90c8023000, length=15, elements={
0x00007fa1e40c0820, 0x00007fa1e40c1e20, 0x00007fa1e40c7b60, 0x00007fa1e40c90b0,
0x00007fa1e40ca5d0, 0x00007fa1e40cc0b0, 0x00007fa1e40cd710, 0x00007fa1e40cecb0,
0x00007fa1e4118e20, 0x00007fa1e411d220, 0x00007fa1e4174810, 0x00007fa1e4010290,
0x00007f90ec0988d0, 0x00007f90ec09e800, 0x00007f90c801a7e0
}

Java Threads: ( => current thread )
  0x00007fa1e40c0820 JavaThread "Reference Handler" daemon [_thread_blocked, id=7632, stack(0x00007fa1e8539000,0x00007fa1e863a000)]
  0x00007fa1e40c1e20 JavaThread "Finalizer" daemon [_thread_blocked, id=7633, stack(0x00007fa1e8438000,0x00007fa1e8539000)]
  0x00007fa1e40c7b60 JavaThread "Signal Dispatcher" daemon [_thread_blocked, id=7634, stack(0x00007fa1e8337000,0x00007fa1e8438000)]
  0x00007fa1e40c90b0 JavaThread "Service Thread" daemon [_thread_blocked, id=7635, stack(0x00007fa1e8236000,0x00007fa1e8337000)]
  0x00007fa1e40ca5d0 JavaThread "Monitor Deflation Thread" daemon [_thread_blocked, id=7636, stack(0x00007fa1e8135000,0x00007fa1e8236000)]
  0x00007fa1e40cc0b0 JavaThread "C2 CompilerThread0" daemon [_thread_blocked, id=7637, stack(0x00007fa1e8034000,0x00007fa1e8135000)]
  0x00007fa1e40cd710 JavaThread "C1 CompilerThread0" daemon [_thread_blocked, id=7638, stack(0x00007fa1cc1ac000,0x00007fa1cc2ad000)]
  0x00007fa1e40cecb0 JavaThread "Sweeper thread" daemon [_thread_blocked, id=7639, stack(0x00007fa1cc0ab000,0x00007fa1cc1ac000)]
  0x00007fa1e4118e20 JavaThread "Notification Thread" daemon [_thread_blocked, id=7640, stack(0x00007f9122924000,0x00007f9122a25000)]
  0x00007fa1e411d220 JavaThread "Common-Cleaner" daemon [_thread_blocked, id=7642, stack(0x00007f9122721000,0x00007f9122822000)]
  0x00007fa1e4174810 JavaThread "Thread-0" [_thread_blocked, id=7644, stack(0x00007f9121f85000,0x00007f9122086000)]
  0x00007fa1e4010290 JavaThread "DestroyJavaVM" [_thread_blocked, id=7620, stack(0x00007fa1eb9ed000,0x00007fa1ebaee000)]
  0x00007f90ec0988d0 JavaThread "Java2D Disposer" daemon [_thread_blocked, id=7649, stack(0x00007f90dfeff000,0x00007f90e0000000)]
  0x00007f90ec09e800 JavaThread "AWT-XAWT" daemon [_thread_blocked, id=7650, stack(0x00007f90dfdfe000,0x00007f90dfeff000)]
  0x00007f90c801a7e0 JavaThread "TimerQueue" daemon [_thread_blocked, id=7660, stack(0x00007f90df9fa000,0x00007f90dfafb000)]

Other Threads:
=>0x00007fa1e40bca00 VMThread "VM Thread" [stack: 0x00007fa1e863c000,0x00007fa1e873c000] [id=7631]
  0x00007fa1e411a930 WatcherThread [stack: 0x00007f9122824000,0x00007f9122924000] [id=7641]
  0x00007fa1e405ee30 GCTaskThread "GC Thread#0" [stack: 0x00007fa1eb067000,0x00007fa1eb167000] [id=7622]
  0x00007f9118004640 GCTaskThread "GC Thread#1" [stack: 0x00007f90df8fa000,0x00007f90df9fa000] [id=7679]
  0x00007f9118004f40 GCTaskThread "GC Thread#2" [stack: 0x00007f90def00000,0x00007f90df000000] [id=7680]
  0x00007f9118005930 GCTaskThread "GC Thread#3" [stack: 0x00007f90dedfe000,0x00007f90deefe000] [id=7681]
  0x00007fa1e4070580 ConcurrentGCThread "G1 Main Marker" [stack: 0x00007fa1eaf65000,0x00007fa1eb065000] [id=7623]
  0x00007fa1e4071610 ConcurrentGCThread "G1 Conc#0" [stack: 0x00007fa1eae63000,0x00007fa1eaf63000] [id=7624]
  0x00007fa1e4087e30 ConcurrentGCThread "G1 Refine#0" [stack: 0x00007fa1e895d000,0x00007fa1e8a5d000] [id=7626]
  0x00007fa1e4088e50 ConcurrentGCThread "G1 Service" [stack: 0x00007fa1e885b000,0x00007fa1e895b000] [id=7628]

Threads with active compile tasks:

VM state: at safepoint (normal execution)

VM Mutex/Monitor currently owned by a thread:  ([mutex/lock_event])
[0x00007fa1e400d0f0] Threads_lock - owner thread: 0x00007fa1e40bca00
[0x00007fa1e400d880] Heap_lock - owner thread: 0x00007fa1e4174810

CDS archive(s) mapped at: [0x0000000800000000-0x0000000800bcf000-0x0000000800bcf000), size 12382208, SharedBaseAddress: 0x0000000800000000, ArchiveRelocationMode: 0.
Compressed class space mapped at: 0x0000000800c00000-0x0000000840c00000, reserved size: 1073741824
Narrow klass base: 0x0000000800000000, Narrow klass shift: 3, Narrow klass range: 0x100000000

GC Precious Log:
 CPUs: 4 total, 4 available
 Memory: 3837M
 Large Page Support: Disabled
 NUMA Support: Disabled
 Compressed Oops: Disabled
 Heap Region Size: 32M
 Heap Min Capacity: 32M
 Heap Initial Capacity: 64M
 Heap Max Capacity: 64G
 Pre-touch: Disabled
 Parallel Workers: 4
 Concurrent Workers: 1
 Concurrent Refinement Workers: 4
 Periodic GC: Disabled

Heap:
 garbage-first heap   total 2064384K, used 941943K [0x00007f91cc000000, 0x00007fa1cc000000)
  region size 32768K, 1 young (32768K), 1 survivors (32768K)
 Metaspace       used 17296K, committed 17472K, reserved 1064960K
  class space    used 1748K, committed 1856K, reserved 1048576K

Heap Regions: E=young(eden), S=young(survivor), O=old, HS=humongous(starts), HC=humongous(continues), CS=collection set, F=free, OA=open archive, CA=closed archive, TAMS=top-at-mark-start (previous, next)
|   0|0x00007f91cc000000, 0x00007f91cd743e00, 0x00007f91ce000000| 72%| O|  |TAMS 0x00007f91ccf5d000, 0x00007f91ccf5d000| Untracked 
|   1|0x00007f91ce000000, 0x00007f91d0000000, 0x00007f91d0000000|100%| O|  |TAMS 0x00007f91d0000000, 0x00007f91d0000000| Untracked 
|   2|0x00007f91d0000000, 0x00007f91d2000000, 0x00007f91d2000000|100%|HS|  |TAMS 0x00007f91d2000000, 0x00007f91d2000000| Complete 
|   3|0x00007f91d2000000, 0x00007f91d2000000, 0x00007f91d4000000|  0%| F|  |TAMS 0x00007f91d2000000, 0x00007f91d2000000| Untracked 
|   4|0x00007f91d4000000, 0x00007f91d6000000, 0x00007f91d6000000|100%|HS|  |TAMS 0x00007f91d6000000, 0x00007f91d6000000| Complete 
|   5|0x00007f91d6000000, 0x00007f91d8000000, 0x00007f91d8000000|100%| O|  |TAMS 0x00007f91d8000000, 0x00007f91d8000000| Untracked 
|   6|0x00007f91d8000000, 0x00007f91d8000000, 0x00007f91da000000|  0%| F|  |TAMS 0x00007f91d8000000, 0x00007f91d8000000| Untracked 
|   7|0x00007f91da000000, 0x00007f91da000000, 0x00007f91dc000000|  0%| F|  |TAMS 0x00007f91da000000, 0x00007f91da000000| Untracked 
|   8|0x00007f91dc000000, 0x00007f91dc000000, 0x00007f91de000000|  0%| F|  |TAMS 0x00007f91dc000000, 0x00007f91dc000000| Untracked 
|   9|0x00007f91de000000, 0x00007f91de000000, 0x00007f91e0000000|  0%| F|  |TAMS 0x00007f91de000000, 0x00007f91de000000| Untracked 
|  10|0x00007f91e0000000, 0x00007f91e0000000, 0x00007f91e2000000|  0%| F|  |TAMS 0x00007f91e0000000, 0x00007f91e0000000| Untracked 
|  11|0x00007f91e2000000, 0x00007f91e2000000, 0x00007f91e4000000|  0%| F|  |TAMS 0x00007f91e2000000, 0x00007f91e2000000| Untracked 
|  12|0x00007f91e4000000, 0x00007f91e4000000, 0x00007f91e6000000|  0%| F|  |TAMS 0x00007f91e4000000, 0x00007f91e4000000| Untracked 
|  13|0x00007f91e6000000, 0x00007f91e6000000, 0x00007f91e8000000|  0%| F|  |TAMS 0x00007f91e6000000, 0x00007f91e6000000| Untracked 
|  14|0x00007f91e8000000, 0x00007f91ea000000, 0x00007f91ea000000|100%|HS|  |TAMS 0x00007f91ea000000, 0x00007f91ea000000| Complete 
|  15|0x00007f91ea000000, 0x00007f91ec000000, 0x00007f91ec000000|100%|HC|  |TAMS 0x00007f91ec000000, 0x00007f91ec000000| Complete 
|  16|0x00007f91ec000000, 0x00007f91ee000000, 0x00007f91ee000000|100%|HC|  |TAMS 0x00007f91ee000000, 0x00007f91ee000000| Complete 
|  17|0x00007f91ee000000, 0x00007f91f0000000, 0x00007f91f0000000|100%|HC|  |TAMS 0x00007f91f0000000, 0x00007f91f0000000| Complete 
|  18|0x00007f91f0000000, 0x00007f91f2000000, 0x00007f91f2000000|100%|HC|  |TAMS 0x00007f91f2000000, 0x00007f91f2000000| Complete 
|  19|0x00007f91f2000000, 0x00007f91f4000000, 0x00007f91f4000000|100%|HC|  |TAMS 0x00007f91f4000000, 0x00007f91f4000000| Complete 
|  20|0x00007f91f4000000, 0x00007f91f6000000, 0x00007f91f6000000|100%|HC|  |TAMS 0x00007f91f6000000, 0x00007f91f6000000| Complete 
|  21|0x00007f91f6000000, 0x00007f91f8000000, 0x00007f91f8000000|100%|HC|  |TAMS 0x00007f91f8000000, 0x00007f91f8000000| Complete 
|  22|0x00007f91f8000000, 0x00007f91fa000000, 0x00007f91fa000000|100%|HC|  |TAMS 0x00007f91fa000000, 0x00007f91fa000000| Complete 
|  23|0x00007f91fa000000, 0x00007f91fc000000, 0x00007f91fc000000|100%|HC|  |TAMS 0x00007f91fc000000, 0x00007f91fc000000| Complete 
|  24|0x00007f91fc000000, 0x00007f91fe000000, 0x00007f91fe000000|100%|HC|  |TAMS 0x00007f91fe000000, 0x00007f91fe000000| Complete 
|  25|0x00007f91fe000000, 0x00007f9200000000, 0x00007f9200000000|100%|HC|  |TAMS 0x00007f9200000000, 0x00007f9200000000| Complete 
|  26|0x00007f9200000000, 0x00007f9202000000, 0x00007f9202000000|100%|HC|  |TAMS 0x00007f9202000000, 0x00007f9202000000| Complete 
|  27|0x00007f9202000000, 0x00007f9204000000, 0x00007f9204000000|100%|HC|  |TAMS 0x00007f9204000000, 0x00007f9204000000| Complete 
|  28|0x00007f9204000000, 0x00007f9206000000, 0x00007f9206000000|100%|HC|  |TAMS 0x00007f9206000000, 0x00007f9206000000| Complete 
|  29|0x00007f9206000000, 0x00007f9208000000, 0x00007f9208000000|100%|HC|  |TAMS 0x00007f9208000000, 0x00007f9208000000| Complete 
|  30|0x00007f9208000000, 0x00007f920a000000, 0x00007f920a000000|100%|HC|  |TAMS 0x00007f920a000000, 0x00007f920a000000| Complete 
|  31|0x00007f920a000000, 0x00007f920c000000, 0x00007f920c000000|100%|HC|  |TAMS 0x00007f920c000000, 0x00007f920c000000| Complete 
|  32|0x00007f920c000000, 0x00007f920e000000, 0x00007f920e000000|100%|HC|  |TAMS 0x00007f920e000000, 0x00007f920e000000| Complete 
|  33|0x00007f920e000000, 0x00007f9210000000, 0x00007f9210000000|100%|HC|  |TAMS 0x00007f9210000000, 0x00007f9210000000| Complete 
|  34|0x00007f9210000000, 0x00007f9212000000, 0x00007f9212000000|100%|HC|  |TAMS 0x00007f9212000000, 0x00007f9212000000| Complete 
|  35|0x00007f9212000000, 0x00007f9214000000, 0x00007f9214000000|100%|HC|  |TAMS 0x00007f9214000000, 0x00007f9214000000| Complete 
|  36|0x00007f9214000000, 0x00007f9216000000, 0x00007f9216000000|100%|HC|  |TAMS 0x00007f9216000000, 0x00007f9216000000| Complete 
|  37|0x00007f9216000000, 0x00007f9218000000, 0x00007f9218000000|100%|HC|  |TAMS 0x00007f9218000000, 0x00007f9218000000| Complete 
|  38|0x00007f9218000000, 0x00007f9218000000, 0x00007f921a000000|  0%| F|  |TAMS 0x00007f9218000000, 0x00007f9218000000| Untracked 
|  39|0x00007f921a000000, 0x00007f921a000000, 0x00007f921c000000|  0%| F|  |TAMS 0x00007f921a000000, 0x00007f921a000000| Untracked 
|  40|0x00007f921c000000, 0x00007f921c000000, 0x00007f921e000000|  0%| F|  |TAMS 0x00007f921c000000, 0x00007f921c000000| Untracked 
|  41|0x00007f921e000000, 0x00007f921e000000, 0x00007f9220000000|  0%| F|  |TAMS 0x00007f921e000000, 0x00007f921e000000| Untracked 
|  42|0x00007f9220000000, 0x00007f9220000000, 0x00007f9222000000|  0%| F|  |TAMS 0x00007f9220000000, 0x00007f9220000000| Untracked 
|  43|0x00007f9222000000, 0x00007f9222000000, 0x00007f9224000000|  0%| F|  |TAMS 0x00007f9222000000, 0x00007f9222000000| Untracked 
|  44|0x00007f9224000000, 0x00007f9224000000, 0x00007f9226000000|  0%| F|  |TAMS 0x00007f9224000000, 0x00007f9224000000| Untracked 
|  45|0x00007f9226000000, 0x00007f9226000000, 0x00007f9228000000|  0%| F|  |TAMS 0x00007f9226000000, 0x00007f9226000000| Untracked 
|  46|0x00007f9228000000, 0x00007f9228000000, 0x00007f922a000000|  0%| F|  |TAMS 0x00007f9228000000, 0x00007f9228000000| Untracked 
|  47|0x00007f922a000000, 0x00007f922a000000, 0x00007f922c000000|  0%| F|  |TAMS 0x00007f922a000000, 0x00007f922a000000| Untracked 
|  48|0x00007f922c000000, 0x00007f922c000000, 0x00007f922e000000|  0%| F|  |TAMS 0x00007f922c000000, 0x00007f922c000000| Untracked 
|  49|0x00007f922e000000, 0x00007f922e000000, 0x00007f9230000000|  0%| F|  |TAMS 0x00007f922e000000, 0x00007f922e000000| Untracked 
|  50|0x00007f9230000000, 0x00007f9230000000, 0x00007f9232000000|  0%| F|  |TAMS 0x00007f9230000000, 0x00007f9230000000| Untracked 
|  51|0x00007f9232000000, 0x00007f9232000000, 0x00007f9234000000|  0%| F|  |TAMS 0x00007f9232000000, 0x00007f9232000000| Untracked 
|  52|0x00007f9234000000, 0x00007f9234000000, 0x00007f9236000000|  0%| F|  |TAMS 0x00007f9234000000, 0x00007f9234000000| Untracked 
|  53|0x00007f9236000000, 0x00007f9236000000, 0x00007f9238000000|  0%| F|  |TAMS 0x00007f9236000000, 0x00007f9236000000| Untracked 
|  54|0x00007f9238000000, 0x00007f9238000000, 0x00007f923a000000|  0%| F|  |TAMS 0x00007f9238000000, 0x00007f9238000000| Untracked 
|  55|0x00007f923a000000, 0x00007f923a000000, 0x00007f923c000000|  0%| F|  |TAMS 0x00007f923a000000, 0x00007f923a000000| Untracked 
|  56|0x00007f923c000000, 0x00007f923c000000, 0x00007f923e000000|  0%| F|  |TAMS 0x00007f923c000000, 0x00007f923c000000| Untracked 
|  57|0x00007f923e000000, 0x00007f923e000000, 0x00007f9240000000|  0%| F|  |TAMS 0x00007f923e000000, 0x00007f923e000000| Untracked 
|  58|0x00007f9240000000, 0x00007f9240000000, 0x00007f9242000000|  0%| F|  |TAMS 0x00007f9240000000, 0x00007f9240000000| Untracked 
|  59|0x00007f9242000000, 0x00007f9242099f90, 0x00007f9244000000|  1%| S|CS|TAMS 0x00007f9242000000, 0x00007f9242000000| Complete 
|  60|0x00007f9244000000, 0x00007f9244000000, 0x00007f9246000000|  0%| F|  |TAMS 0x00007f9244000000, 0x00007f9244000000| Untracked 
|  61|0x00007f9246000000, 0x00007f9246000000, 0x00007f9248000000|  0%| F|  |TAMS 0x00007f9246000000, 0x00007f9246000000| Untracked 
|  62|0x00007f9248000000, 0x00007f9248000000, 0x00007f924a000000|  0%| F|  |TAMS 0x00007f9248000000, 0x00007f9248000000| Untracked 

Card table byte_map: [0x00007f91bc000000,0x00007f91c4000000] _byte_map_base: 0x00007f51f31a0000

Marking Bits (Prev, Next): (CMBitMap*) 0x00007fa1e405f9e0, (CMBitMap*) 0x00007fa1e405fa20
 Prev Bits: [0x00007f9174000000, 0x00007f91b4000000)
 Next Bits: [0x00007f9134000000, 0x00007f9174000000)

Polling page: 0x00007fa1ed3dc000

Metaspace:

Usage:
  Non-class:     15.18 MB used.
      Class:      1.71 MB used.
       Both:     16.89 MB used.

Virtual space:
  Non-class space:       16.00 MB reserved,      15.25 MB ( 95%) committed,  2 nodes.
      Class space:        1.00 GB reserved,       1.81 MB ( <1%) committed,  1 nodes.
              Both:        1.02 GB reserved,      17.06 MB (  2%) committed. 

Chunk freelists:
   Non-Class:  384.00 KB
       Class:  2.16 MB
        Both:  2.54 MB

MaxMetaspaceSize: 17179869184.00 GB
CompressedClassSpaceSize: 1.00 GB
 - commit_granule_bytes: 65536.
 - commit_granule_words: 8192.
 - virtual_space_node_default_size: 1048576.
 - enlarge_chunks_in_place: 1.
 - new_chunks_are_fully_committed: 0.
 - uncommit_free_chunks: 1.
 - use_allocation_guard: 0.
 - handle_deallocations: 1.


Internal statistics:

num_allocs_failed_limit: 0.
num_arena_births: 178.
num_arena_deaths: 0.
num_vsnodes_births: 3.
num_vsnodes_deaths: 0.
num_space_committed: 273.
num_space_uncommitted: 0.
num_chunks_returned_to_freelist: 0.
num_chunks_taken_from_freelist: 364.
num_chunk_merges: 0.
num_chunk_splits: 211.
num_chunks_enlarged: 115.
num_purges: 0.

CodeHeap 'non-profiled nmethods': size=120032Kb used=1010Kb max_used=1010Kb free=119021Kb
 bounds [0x00007fa1d3d75000, 0x00007fa1d3fe5000, 0x00007fa1db2ad000]
CodeHeap 'profiled nmethods': size=120028Kb used=5241Kb max_used=5241Kb free=114786Kb
 bounds [0x00007fa1cc83e000, 0x00007fa1ccd5e000, 0x00007fa1d3d75000]
CodeHeap 'non-nmethods': size=5700Kb used=1396Kb max_used=1424Kb free=4304Kb
 bounds [0x00007fa1cc2ad000, 0x00007fa1cc51d000, 0x00007fa1cc83e000]
 total_blobs=3324 nmethods=2574 adapters=662
 compilation: enabled
              stopped_count=0, restarted_count=0
 full_count=0

Compilation events (20 events):
Event: 48.540 Thread 0x00007fa1e40cd710 2564       2       java.awt.image.ComponentColorModel::getRed (7 bytes)
Event: 48.540 Thread 0x00007fa1e40cc0b0 2570       4       sun.awt.image.ByteInterleavedRaster::getDataElements (129 bytes)
Event: 48.540 Thread 0x00007fa1e40cd710 nmethod 2564 0x00007fa1ccd5bc10 code [0x00007fa1ccd5bdc0, 0x00007fa1ccd5bee0]
Event: 48.540 Thread 0x00007fa1e40cd710 2565       2       java.awt.image.ComponentColorModel::getGreen (7 bytes)
Event: 48.540 Thread 0x00007fa1e40cd710 nmethod 2565 0x00007fa1ccd5bf90 code [0x00007fa1ccd5c140, 0x00007fa1ccd5c260]
Event: 48.540 Thread 0x00007fa1e40cd710 2566       2       java.awt.image.ComponentColorModel::getBlue (7 bytes)
Event: 48.540 Thread 0x00007fa1e40cd710 nmethod 2566 0x00007fa1ccd5c310 code [0x00007fa1ccd5c4c0, 0x00007fa1ccd5c5e0]
Event: 48.546 Thread 0x00007fa1e40cc0b0 nmethod 2570 0x00007fa1d3e6d610 code [0x00007fa1d3e6d7a0, 0x00007fa1d3e6dbf8]
Event: 48.546 Thread 0x00007fa1e40cc0b0 2575 %     4       sun.awt.image.OffScreenImageSource::sendPixels @ 669 (733 bytes)
Event: 48.559 Thread 0x00007fa1e40cc0b0 nmethod 2575% 0x00007fa1d3e6de10 code [0x00007fa1d3e6e020, 0x00007fa1d3e6eaf0]
Event: 48.559 Thread 0x00007fa1e40cc0b0 2568       4       java.awt.image.ComponentColorModel::extractComponent (499 bytes)
Event: 48.560 Thread 0x00007fa1e40cc0b0 nmethod 2568 0x00007fa1d3e6f310 code [0x00007fa1d3e6f4a0, 0x00007fa1d3e6f638]
Event: 48.560 Thread 0x00007fa1e40cc0b0 2572       4       java.awt.image.BufferedImage::getRGB (18 bytes)
Event: 48.575 Thread 0x00007fa1e40cc0b0 nmethod 2572 0x00007fa1d3e6f890 code [0x00007fa1d3e6fa60, 0x00007fa1d3e700e8]
Event: 48.575 Thread 0x00007fa1e40cc0b0 2573       4       java.awt.image.ComponentColorModel::getRGB (161 bytes)
Event: 48.578 Thread 0x00007fa1e40cc0b0 nmethod 2573 0x00007fa1d3e70690 code [0x00007fa1d3e70840, 0x00007fa1d3e70a68]
Event: 48.578 Thread 0x00007fa1e40cc0b0 2574       4       java.awt.image.ComponentColorModel::getAlpha (238 bytes)
Event: 48.579 Thread 0x00007fa1e40cc0b0 nmethod 2574 0x00007fa1d3e70d90 code [0x00007fa1d3e70f20, 0x00007fa1d3e70fb8]
Event: 49.956 Thread 0x00007fa1e40cc0b0 2576       4       java.awt.image.PixelGrabber::setPixels (396 bytes)
Event: 49.995 Thread 0x00007fa1e40cc0b0 nmethod 2576 0x00007fa1d3e71090 code [0x00007fa1d3e71240, 0x00007fa1d3e71868]

GC Heap History (20 events):
Event: 49.189 GC heap after
{Heap after GC invocations=19 (full 0):
 garbage-first heap   total 1703936K, used 941888K [0x00007f91cc000000, 0x00007fa1cc000000)
  region size 32768K, 1 young (32768K), 1 survivors (32768K)
 Metaspace       used 17296K, committed 17472K, reserved 1064960K
  class space    used 1748K, committed 1856K, reserved 1048576K
}
Event: 49.981 GC heap before
{Heap before GC invocations=19 (full 0):
 garbage-first heap   total 1703936K, used 1433408K [0x00007f91cc000000, 0x00007fa1cc000000)
  region size 32768K, 16 young (524288K), 1 survivors (32768K)
 Metaspace       used 17296K, committed 17472K, reserved 1064960K
  class space    used 1748K, committed 1856K, reserved 1048576K
}
Event: 49.986 GC heap after
{Heap after GC invocations=20 (full 0):
 garbage-first heap   total 2064384K, used 941852K [0x00007f91cc000000, 0x00007fa1cc000000)
  region size 32768K, 1 young (32768K), 1 survivors (32768K)
 Metaspace       used 17296K, committed 17472K, reserved 1064960K
  class space    used 1748K, committed 1856K, reserved 1048576K
}
Event: 147.592 GC heap before
{Heap before GC invocations=21 (full 0):
 garbage-first heap   total 2064384K, used 1761052K [0x00007f91cc000000, 0x00007fa1cc000000)
  region size 32768K, 26 young (851968K), 1 survivors (32768K)
 Metaspace       used 17296K, committed 17472K, reserved 1064960K
  class space    used 1748K, committed 1856K, reserved 1048576K
}
Event: 156.760 GC heap after
{Heap after GC invocations=22 (full 0):
 garbage-first heap   total 2064384K, used 941904K [0x00007f91cc000000, 0x00007fa1cc000000)
  region size 32768K, 1 young (32768K), 1 survivors (32768K)
 Metaspace       used 17296K, committed 17472K, reserved 1064960K
  class space    used 1748K, committed 1856K, reserved 1048576K
}
Event: 156.882 GC heap before
{Heap before GC invocations=22 (full 0):
 garbage-first heap   total 2064384K, used 1007440K [0x00007f91cc000000, 0x00007fa1cc000000)
  region size 32768K, 3 young (98304K), 1 survivors (32768K)
 Metaspace       used 17296K, committed 17472K, reserved 1064960K
  class space    used 1748K, committed 1856K, reserved 1048576K
}
Event: 156.886 GC heap after
{Heap after GC invocations=23 (full 0):
 garbage-first heap   total 2064384K, used 941880K [0x00007f91cc000000, 0x00007fa1cc000000)
  region size 32768K, 1 young (32768K), 1 survivors (32768K)
 Metaspace       used 17296K, committed 17472K, reserved 1064960K
  class space    used 1748K, committed 1856K, reserved 1048576K
}
Event: 157.244 GC heap before
{Heap before GC invocations=23 (full 0):
 garbage-first heap   total 2064384K, used 1007416K [0x00007f91cc000000, 0x00007fa1cc000000)
  region size 32768K, 3 young (98304K), 1 survivors (32768K)
 Metaspace       used 17296K, committed 17472K, reserved 1064960K
  class space    used 1748K, committed 1856K, reserved 1048576K
}
Event: 157.248 GC heap after
{Heap after GC invocations=24 (full 0):
 garbage-first heap   total 2064384K, used 941883K [0x00007f91cc000000, 0x00007fa1cc000000)
  region size 32768K, 1 young (32768K), 1 survivors (32768K)
 Metaspace       used 17296K, committed 17472K, reserved 1064960K
  class space    used 1748K, committed 1856K, reserved 1048576K
}
Event: 160.885 GC heap before
{Heap before GC invocations=25 (full 0):
 garbage-first heap   total 2064384K, used 1007419K [0x00007f91cc000000, 0x00007fa1cc000000)
  region size 32768K, 3 young (98304K), 1 survivors (32768K)
 Metaspace       used 17296K, committed 17472K, reserved 1064960K
  class space    used 1748K, committed 1856K, reserved 1048576K
}
Event: 160.888 GC heap after
{Heap after GC invocations=26 (full 0):
 garbage-first heap   total 2064384K, used 941884K [0x00007f91cc000000, 0x00007fa1cc000000)
  region size 32768K, 1 young (32768K), 1 survivors (32768K)
 Metaspace       used 17296K, committed 17472K, reserved 1064960K
  class space    used 1748K, committed 1856K, reserved 1048576K
}
Event: 163.336 GC heap before
{Heap before GC invocations=26 (full 0):
 garbage-first heap   total 2064384K, used 1007420K [0x00007f91cc000000, 0x00007fa1cc000000)
  region size 32768K, 3 young (98304K), 1 survivors (32768K)
 Metaspace       used 17296K, committed 17472K, reserved 1064960K
  class space    used 1748K, committed 1856K, reserved 1048576K
}
Event: 163.339 GC heap after
{Heap after GC invocations=27 (full 0):
 garbage-first heap   total 2064384K, used 941879K [0x00007f91cc000000, 0x00007fa1cc000000)
  region size 32768K, 1 young (32768K), 1 survivors (32768K)
 Metaspace       used 17296K, committed 17472K, reserved 1064960K
  class space    used 1748K, committed 1856K, reserved 1048576K
}
Event: 163.430 GC heap before
{Heap before GC invocations=27 (full 0):
 garbage-first heap   total 2064384K, used 1007415K [0x00007f91cc000000, 0x00007fa1cc000000)
  region size 32768K, 3 young (98304K), 1 survivors (32768K)
 Metaspace       used 17296K, committed 17472K, reserved 1064960K
  class space    used 1748K, committed 1856K, reserved 1048576K
}
Event: 163.434 GC heap after
{Heap after GC invocations=28 (full 0):
 garbage-first heap   total 2064384K, used 941892K [0x00007f91cc000000, 0x00007fa1cc000000)
  region size 32768K, 1 young (32768K), 1 survivors (32768K)
 Metaspace       used 17296K, committed 17472K, reserved 1064960K
  class space    used 1748K, committed 1856K, reserved 1048576K
}
Event: 163.522 GC heap before
{Heap before GC invocations=28 (full 0):
 garbage-first heap   total 2064384K, used 1007428K [0x00007f91cc000000, 0x00007fa1cc000000)
  region size 32768K, 3 young (98304K), 1 survivors (32768K)
 Metaspace       used 17296K, committed 17472K, reserved 1064960K
  class space    used 1748K, committed 1856K, reserved 1048576K
}
Event: 163.526 GC heap after
{Heap after GC invocations=29 (full 0):
 garbage-first heap   total 2064384K, used 941854K [0x00007f91cc000000, 0x00007fa1cc000000)
  region size 32768K, 1 young (32768K), 1 survivors (32768K)
 Metaspace       used 17296K, committed 17472K, reserved 1064960K
  class space    used 1748K, committed 1856K, reserved 1048576K
}
Event: 163.623 GC heap before
{Heap before GC invocations=30 (full 0):
 garbage-first heap   total 2064384K, used 1007390K [0x00007f91cc000000, 0x00007fa1cc000000)
  region size 32768K, 3 young (98304K), 1 survivors (32768K)
 Metaspace       used 17296K, committed 17472K, reserved 1064960K
  class space    used 1748K, committed 1856K, reserved 1048576K
}
Event: 163.627 GC heap after
{Heap after GC invocations=31 (full 0):
 garbage-first heap   total 2064384K, used 941844K [0x00007f91cc000000, 0x00007fa1cc000000)
  region size 32768K, 1 young (32768K), 1 survivors (32768K)
 Metaspace       used 17296K, committed 17472K, reserved 1064960K
  class space    used 1748K, committed 1856K, reserved 1048576K
}
Event: 163.715 GC heap before
{Heap before GC invocations=31 (full 0):
 garbage-first heap   total 2064384K, used 1007380K [0x00007f91cc000000, 0x00007fa1cc000000)
  region size 32768K, 3 young (98304K), 1 survivors (32768K)
 Metaspace       used 17296K, committed 17472K, reserved 1064960K
  class space    used 1748K, committed 1856K, reserved 1048576K
}

Deoptimization events (20 events):
Event: 43.266 Thread 0x00007fa1e4174810 DEOPT PACKING pc=0x00007fa1ccd4f5c8 sp=0x00007f9122083e50
Event: 43.266 Thread 0x00007fa1e4174810 DEOPT UNPACKING pc=0x00007fa1cc2fabba sp=0x00007f9122083338 mode 0
Event: 43.267 Thread 0x00007fa1e4174810 DEOPT PACKING pc=0x00007fa1ccd4f5c8 sp=0x00007f9122083e50
Event: 43.267 Thread 0x00007fa1e4174810 DEOPT UNPACKING pc=0x00007fa1cc2fabba sp=0x00007f9122083338 mode 0
Event: 43.268 Thread 0x00007fa1e4174810 DEOPT PACKING pc=0x00007fa1ccd4f5c8 sp=0x00007f9122083e50
Event: 43.268 Thread 0x00007fa1e4174810 DEOPT UNPACKING pc=0x00007fa1cc2fabba sp=0x00007f9122083338 mode 0
Event: 43.269 Thread 0x00007fa1e4174810 DEOPT PACKING pc=0x00007fa1ccd4f5c8 sp=0x00007f9122083e50
Event: 43.269 Thread 0x00007fa1e4174810 DEOPT UNPACKING pc=0x00007fa1cc2fabba sp=0x00007f9122083338 mode 0
Event: 43.270 Thread 0x00007fa1e4174810 DEOPT PACKING pc=0x00007fa1ccd4f5c8 sp=0x00007f9122083e50
Event: 43.270 Thread 0x00007fa1e4174810 DEOPT UNPACKING pc=0x00007fa1cc2fabba sp=0x00007f9122083338 mode 0
Event: 43.271 Thread 0x00007fa1e4174810 DEOPT PACKING pc=0x00007fa1ccd4f5c8 sp=0x00007f9122083e50
Event: 43.271 Thread 0x00007fa1e4174810 DEOPT UNPACKING pc=0x00007fa1cc2fabba sp=0x00007f9122083338 mode 0
Event: 43.272 Thread 0x00007fa1e4174810 DEOPT PACKING pc=0x00007fa1ccd4f5c8 sp=0x00007f9122083e50
Event: 43.272 Thread 0x00007fa1e4174810 DEOPT UNPACKING pc=0x00007fa1cc2fabba sp=0x00007f9122083338 mode 0
Event: 43.272 Thread 0x00007fa1e4174810 DEOPT PACKING pc=0x00007fa1ccd4f5c8 sp=0x00007f9122083e50
Event: 43.272 Thread 0x00007fa1e4174810 DEOPT UNPACKING pc=0x00007fa1cc2fabba sp=0x00007f9122083338 mode 0
Event: 43.273 Thread 0x00007fa1e4174810 DEOPT PACKING pc=0x00007fa1ccd4f5c8 sp=0x00007f9122083e50
Event: 43.273 Thread 0x00007fa1e4174810 DEOPT UNPACKING pc=0x00007fa1cc2fabba sp=0x00007f9122083338 mode 0
Event: 48.559 Thread 0x00007fa1e4174810 DEOPT PACKING pc=0x00007fa1ccd55ef2 sp=0x00007f9122084080
Event: 48.559 Thread 0x00007fa1e4174810 DEOPT UNPACKING pc=0x00007fa1cc2fabba sp=0x00007f91220835d8 mode 0

Classes unloaded (0 events):
No events

Classes redefined (0 events):
No events

Internal exceptions (16 events):
Event: 0.926 Thread 0x00007fa1e4010290 Exception <a 'java/lang/ClassNotFoundException'{0x00007f91ce33a8e0}: sun/awt/resources/spi/awtProvider> (0x00007f91ce33a8e0) 
thrown [src/hotspot/share/classfile/systemDictionary.cpp, line 256]
Event: 1.112 Thread 0x00007fa1e4010290 Exception <a 'java/lang/NoSuchMethodError'{0x00007f91ce361610}: 'java.lang.Object java.lang.invoke.DirectMethodHandle$Holder.invokeStatic(java.lang.Object)'> (0x00007f91ce361610) 
thrown [src/hotspot/share/interpreter/linkResolver.cpp, line 789]
Event: 1.449 Thread 0x00007fa1e4010290 Exception <a 'java/io/FileNotFoundException'{0x00007f91ce3c8020}> (0x00007f91ce3c8020) 
thrown [src/hotspot/share/prims/jni.cpp, line 579]
Event: 1.649 Thread 0x00007fa1e4010290 Exception <a 'java/lang/NoSuchMethodError'{0x00007f91ce4e9428}: 'void java.lang.invoke.DirectMethodHandle$Holder.invokeSpecial(java.lang.Object, java.lang.Object, java.lang.Object)'> (0x00007f91ce4e9428) 
thrown [src/hotspot/share/interpreter/linkResolver.cpp, line 789]
Event: 3.427 Thread 0x00007fa1e4174810 Exception <a 'java/lang/NoSuchMethodError'{0x00007f91ce7254f8}: 'java.lang.Object java.lang.invoke.DirectMethodHandle$Holder.invokeStaticInit(java.lang.Object)'> (0x00007f91ce7254f8) 
thrown [src/hotspot/share/interpreter/linkResolver.cpp, line 789]
Event: 3.505 Thread 0x00007fa1e4174810 Exception <a 'java/lang/NoSuchMethodError'{0x00007f91ce7422a0}: 'void java.lang.invoke.DirectMethodHandle$Holder.invokeStatic(java.lang.Object, java.lang.Object)'> (0x00007f91ce7422a0) 
thrown [src/hotspot/share/interpreter/linkResolver.cpp, line 789]
Event: 4.138 Thread 0x00007fa1e4174810 Exception <a 'java/lang/NoSuchMethodError'{0x00007f91ce881a10}: 'java.lang.Object java.lang.invoke.DirectMethodHandle$Holder.newInvokeSpecial(java.lang.Object, java.lang.Object, java.lang.Object, java.lang.Object, java.lang.Object)'> (0x00007f91ce881a10) 
thrown [src/hotspot/share/interpreter/linkResolver.cpp, line 789]
Event: 4.145 Thread 0x00007fa1e4174810 Exception <a 'java/lang/NoSuchMethodError'{0x00007f91ce890c70}: 'java.lang.Object java.lang.invoke.DirectMethodHandle$Holder.invokeStatic(java.lang.Object, int, java.lang.Object, java.lang.Object, java.lang.Object, java.lang.Object)'> (0x00007f91ce890c70) 
thrown [src/hotspot/share/interpreter/linkResolver.cpp, line 789]
Event: 4.226 Thread 0x00007fa1e4174810 Exception <a 'java/lang/NoSuchMethodError'{0x00007f91ce8c16f8}: 'java.lang.Object java.lang.invoke.DirectMethodHandle$Holder.invokeStatic(java.lang.Object, int, java.lang.Object)'> (0x00007f91ce8c16f8) 
thrown [src/hotspot/share/interpreter/linkResolver.cpp, line 789]
Event: 4.402 Thread 0x00007fa1e4174810 Exception <a 'java/lang/ClassNotFoundException'{0x00007f91ce9b4860}: com/sun/swing/internal/plaf/metal/resources/spi/metalProvider> (0x00007f91ce9b4860) 
thrown [src/hotspot/share/classfile/systemDictionary.cpp, line 256]
Event: 4.412 Thread 0x00007fa1e4174810 Exception <a 'java/lang/ClassNotFoundException'{0x00007f91ce9b9720}: com/sun/swing/internal/plaf/basic/resources/spi/basicProvider> (0x00007f91ce9b9720) 
thrown [src/hotspot/share/classfile/systemDictionary.cpp, line 256]
Event: 4.415 Thread 0x00007fa1e4174810 Exception <a 'java/lang/NoSuchMethodError'{0x00007f91ce9c5258}: 'void java.lang.invoke.DirectMethodHandle$Holder.invokeStatic(java.lang.Object, java.lang.Object, java.lang.Object)'> (0x00007f91ce9c5258) 
thrown [src/hotspot/share/interpreter/linkResolver.cpp, line 789]
Event: 4.667 Thread 0x00007f90ec0e7510 Exception <a 'java/lang/NoSuchMethodError'{0x00007f91cea667a8}: 'java.lang.Object java.lang.invoke.DirectMethodHandle$Holder.newInvokeSpecial(java.lang.Object, java.lang.Object, java.lang.Object, int, int, int, int, int)'> (0x00007f91cea667a8) 
thrown [src/hotspot/share/interpreter/linkResolver.cpp, line 789]
Event: 6.794 Thread 0x00007fa1e4174810 Exception <a 'java/lang/NoSuchMethodError'{0x00007f91ced980a8}: 'void java.lang.invoke.DirectMethodHandle$Holder.invokeStaticInit(java.lang.Object)'> (0x00007f91ced980a8) 
thrown [src/hotspot/share/interpreter/linkResolver.cpp, line 789]
Event: 7.433 Thread 0x00007fa1e4174810 Exception <a 'java/lang/NoSuchMethodError'{0x00007f91cede6138}: 'int java.lang.invoke.DirectMethodHandle$Holder.invokeStatic(java.lang.Object)'> (0x00007f91cede6138) 
thrown [src/hotspot/share/interpreter/linkResolver.cpp, line 789]
Event: 30.018 Thread 0x00007fa1e4174810 Exception <a 'java/lang/ClassNotFoundException'{0x00007f91e03d1c28}: com/sun/java/swing/plaf/motif/resources/spi/motifProvider> (0x00007f91e03d1c28) 
thrown [src/hotspot/share/classfile/systemDictionary.cpp, line 256]

Events (20 events):
Event: 157.248 Executing  VM operation: G1CollectForAllocation done
Event: 157.254 Executing  VM operation: G1Concurrent
Event: 159.392 Executing  VM operation: G1Concurrent done
Event: 159.398 Executing  VM operation: G1Concurrent
Event: 159.399 Executing  VM operation: G1Concurrent done
Event: 159.485 Executing  VM operation: G1CollectForAllocation
Event: 160.888 Executing  VM operation: G1CollectForAllocation done
Event: 160.985 Executing  VM operation: G1CollectForAllocation
Event: 163.339 Executing  VM operation: G1CollectForAllocation done
Event: 163.430 Executing  VM operation: G1CollectForAllocation
Event: 163.434 Executing  VM operation: G1CollectForAllocation done
Event: 163.522 Executing  VM operation: G1CollectForAllocation
Event: 163.526 Executing  VM operation: G1CollectForAllocation done
Event: 163.536 Executing  VM operation: G1Concurrent
Event: 163.538 Executing  VM operation: G1Concurrent done
Event: 163.542 Executing  VM operation: G1Concurrent
Event: 163.542 Executing  VM operation: G1Concurrent done
Event: 163.623 Executing  VM operation: G1CollectForAllocation
Event: 163.627 Executing  VM operation: G1CollectForAllocation done
Event: 163.715 Executing  VM operation: G1CollectForAllocation


Dynamic libraries:
800000000-800003000 rwxp 00001000 08:01 41812050                         /usr/lib/jvm/java-16-openjdk-amd64/lib/server/classes_nocoops.jsa
800003000-80042e000 rw-p 00004000 08:01 41812050                         /usr/lib/jvm/java-16-openjdk-amd64/lib/server/classes_nocoops.jsa
80042e000-800bcf000 r--p 0042f000 08:01 41812050                         /usr/lib/jvm/java-16-openjdk-amd64/lib/server/classes_nocoops.jsa
800bcf000-800c00000 ---p 00000000 00:00 0 
800c00000-800c40000 rw-p 00000000 00:00 0 
800c40000-800cc0000 rw-p 00000000 00:00 0 
800cc0000-800ce0000 rw-p 00000000 00:00 0 
800ce0000-800d40000 rw-p 00000000 00:00 0 
800d40000-800d60000 rw-p 00000000 00:00 0 
800d60000-800db0000 rw-p 00000000 00:00 0 
800db0000-800dc0000 ---p 00000000 00:00 0 
800dc0000-800de0000 rw-p 00000000 00:00 0 
800de0000-840c00000 ---p 00000000 00:00 0 
55fb7ea85000-55fb7ea86000 r--p 00000000 08:01 41682602                   /usr/lib/jvm/java-16-openjdk-amd64/bin/java
55fb7ea86000-55fb7ea87000 r-xp 00001000 08:01 41682602                   /usr/lib/jvm/java-16-openjdk-amd64/bin/java
55fb7ea87000-55fb7ea88000 r--p 00002000 08:01 41682602                   /usr/lib/jvm/java-16-openjdk-amd64/bin/java
55fb7ea88000-55fb7ea89000 r--p 00002000 08:01 41682602                   /usr/lib/jvm/java-16-openjdk-amd64/bin/java
55fb7ea89000-55fb7ea8a000 rw-p 00003000 08:01 41682602                   /usr/lib/jvm/java-16-openjdk-amd64/bin/java
55fb7f7f2000-55fb7f813000 rw-p 00000000 00:00 0                          [heap]
7f90b4000000-7f90b4021000 rw-p 00000000 00:00 0 
7f90b4021000-7f90b8000000 ---p 00000000 00:00 0 
7f90b8000000-7f90b88c0000 rw-p 00000000 00:00 0 
7f90b88c0000-7f90bc000000 ---p 00000000 00:00 0 
7f90bc000000-7f90bc021000 rw-p 00000000 00:00 0 
7f90bc021000-7f90c0000000 ---p 00000000 00:00 0 
7f90c0000000-7f90c0021000 rw-p 00000000 00:00 0 
7f90c0021000-7f90c4000000 ---p 00000000 00:00 0 
7f90c4000000-7f90c41d5000 rw-p 00000000 00:00 0 
7f90c41d5000-7f90c8000000 ---p 00000000 00:00 0 
7f90c8000000-7f90c8045000 rw-p 00000000 00:00 0 
7f90c8045000-7f90cc000000 ---p 00000000 00:00 0 
7f90cc000000-7f90cc021000 rw-p 00000000 00:00 0 
7f90cc021000-7f90d0000000 ---p 00000000 00:00 0 
7f90d0000000-7f90d0021000 rw-p 00000000 00:00 0 
7f90d0021000-7f90d4000000 ---p 00000000 00:00 0 
7f90d4000000-7f90d4021000 rw-p 00000000 00:00 0 
7f90d4021000-7f90d8000000 ---p 00000000 00:00 0 
7f90d8000000-7f90d8021000 rw-p 00000000 00:00 0 
7f90d8021000-7f90dc000000 ---p 00000000 00:00 0 
7f90dec72000-7f90dedfc000 rw-s 00000000 00:05 4751394                    /SYSV00000000 (deleted)
7f90dedfc000-7f90dedfd000 ---p 00000000 00:00 0 
7f90dedfd000-7f90deefe000 rw-p 00000000 00:00 0 
7f90deefe000-7f90deeff000 ---p 00000000 00:00 0 
7f90deeff000-7f90df020000 rw-p 00000000 00:00 0 
7f90df020000-7f90df040000 rw-p 00000000 00:00 0 
7f90df040000-7f90df080000 rw-p 00000000 00:00 0 
7f90df080000-7f90df100000 rw-p 00000000 00:00 0 
7f90df100000-7f90df300000 rw-p 00000000 00:00 0 
7f90df300000-7f90df320000 rw-p 00000000 00:00 0 
7f90df320000-7f90df340000 rw-p 00000000 00:00 0 
7f90df340000-7f90df380000 rw-p 00000000 00:00 0 
7f90df380000-7f90df500000 rw-p 00000000 00:00 0 
7f90df500000-7f90df580000 rw-p 00000000 00:00 0 
7f90df580000-7f90df600000 rw-p 00000000 00:00 0 
7f90df600000-7f90df6a0000 rw-p 00000000 00:00 0 
7f90df6a0000-7f90df700000 ---p 00000000 00:00 0 
7f90df700000-7f90df7a0000 rw-p 00000000 00:00 0 
7f90df7a0000-7f90df800000 ---p 00000000 00:00 0 
7f90df8f8000-7f90df8f9000 ---p 00000000 00:00 0 
7f90df8f9000-7f90df9fa000 rw-p 00000000 00:00 0 
7f90df9fa000-7f90df9fe000 ---p 00000000 00:00 0 
7f90df9fe000-7f90dfafb000 rw-p 00000000 00:00 0 
7f90dfafb000-7f90dfaff000 ---p 00000000 00:00 0 
7f90dfaff000-7f90dfbfc000 rw-p 00000000 00:00 0 
7f90dfbfc000-7f90dfc00000 ---p 00000000 00:00 0 
7f90dfc00000-7f90dfcfd000 rw-p 00000000 00:00 0 
7f90dfcfd000-7f90dfd01000 ---p 00000000 00:00 0 
7f90dfd01000-7f90dfdfe000 rw-p 00000000 00:00 0 
7f90dfdfe000-7f90dfe02000 ---p 00000000 00:00 0 
7f90dfe02000-7f90dfeff000 rw-p 00000000 00:00 0 
7f90dfeff000-7f90dff03000 ---p 00000000 00:00 0 
7f90dff03000-7f90e0000000 rw-p 00000000 00:00 0 
7f90e0000000-7f90e0021000 rw-p 00000000 00:00 0 
7f90e0021000-7f90e4000000 ---p 00000000 00:00 0 
7f90e4000000-7f90e4021000 rw-p 00000000 00:00 0 
7f90e4021000-7f90e8000000 ---p 00000000 00:00 0 
7f90e8000000-7f90e8021000 rw-p 00000000 00:00 0 
7f90e8021000-7f90ec000000 ---p 00000000 00:00 0 
7f90ec000000-7f90ec301000 rw-p 00000000 00:00 0 
7f90ec301000-7f90f0000000 ---p 00000000 00:00 0 
7f90f0000000-7f90f0021000 rw-p 00000000 00:00 0 
7f90f0021000-7f90f4000000 ---p 00000000 00:00 0 
7f90f4000000-7f90f4021000 rw-p 00000000 00:00 0 
7f90f4021000-7f90f8000000 ---p 00000000 00:00 0 
7f90f8000000-7f90f967e000 rw-p 00000000 00:00 0 
7f90f967e000-7f90fc000000 ---p 00000000 00:00 0 
7f90fc000000-7f90fc021000 rw-p 00000000 00:00 0 
7f90fc021000-7f9100000000 ---p 00000000 00:00 0 
7f9100000000-7f9100021000 rw-p 00000000 00:00 0 
7f9100021000-7f9104000000 ---p 00000000 00:00 0 
7f9104000000-7f9104c50000 rw-p 00000000 00:00 0 
7f9104c50000-7f9108000000 ---p 00000000 00:00 0 
7f9108000000-7f9108021000 rw-p 00000000 00:00 0 
7f9108021000-7f910c000000 ---p 00000000 00:00 0 
7f910c000000-7f910c021000 rw-p 00000000 00:00 0 
7f910c021000-7f9110000000 ---p 00000000 00:00 0 
7f9110000000-7f9110021000 rw-p 00000000 00:00 0 
7f9110021000-7f9114000000 ---p 00000000 00:00 0 
7f9114000000-7f9114021000 rw-p 00000000 00:00 0 
7f9114021000-7f9118000000 ---p 00000000 00:00 0 
7f9118000000-7f911805b000 rw-p 00000000 00:00 0 
7f911805b000-7f911c000000 ---p 00000000 00:00 0 
7f911c000000-7f911c021000 rw-p 00000000 00:00 0 
7f911c021000-7f9120000000 ---p 00000000 00:00 0 
7f912001f000-7f9120021000 r--p 00000000 08:01 41687864                   /usr/lib/x86_64-linux-gnu/libXfixes.so.3.1.0
7f9120021000-7f9120024000 r-xp 00002000 08:01 41687864                   /usr/lib/x86_64-linux-gnu/libXfixes.so.3.1.0
7f9120024000-7f9120025000 r--p 00005000 08:01 41687864                   /usr/lib/x86_64-linux-gnu/libXfixes.so.3.1.0
7f9120025000-7f9120026000 r--p 00005000 08:01 41687864                   /usr/lib/x86_64-linux-gnu/libXfixes.so.3.1.0
7f9120026000-7f9120027000 rw-p 00006000 08:01 41687864                   /usr/lib/x86_64-linux-gnu/libXfixes.so.3.1.0
7f9120027000-7f912002a000 r--p 00000000 08:01 41689938                   /usr/lib/x86_64-linux-gnu/libXcursor.so.1.0.2
7f912002a000-7f9120030000 r-xp 00003000 08:01 41689938                   /usr/lib/x86_64-linux-gnu/libXcursor.so.1.0.2
7f9120030000-7f9120032000 r--p 00009000 08:01 41689938                   /usr/lib/x86_64-linux-gnu/libXcursor.so.1.0.2
7f9120032000-7f9120033000 r--p 0000a000 08:01 41689938                   /usr/lib/x86_64-linux-gnu/libXcursor.so.1.0.2
7f9120033000-7f9120034000 rw-p 0000b000 08:01 41689938                   /usr/lib/x86_64-linux-gnu/libXcursor.so.1.0.2
7f9120046000-7f9120047000 ---p 00000000 00:00 0 
7f9120047000-7f9120847000 rw-p 00000000 00:00 0 
7f9120847000-7f9120848000 ---p 00000000 00:00 0 
7f9120848000-7f9121048000 rw-p 00000000 00:00 0 
7f9121048000-7f9121049000 ---p 00000000 00:00 0 
7f9121049000-7f9121849000 rw-p 00000000 00:00 0 
7f9121849000-7f9121879000 r--p 00000000 08:01 43123560                   /usr/share/glib-2.0/schemas/gschemas.compiled
7f9121879000-7f9121883000 r--p 00000000 08:01 41681132                   /usr/lib/x86_64-linux-gnu/libblkid.so.1.1.0
7f9121883000-7f91218b9000 r-xp 0000a000 08:01 41681132                   /usr/lib/x86_64-linux-gnu/libblkid.so.1.1.0
7f91218b9000-7f91218c9000 r--p 00040000 08:01 41681132                   /usr/lib/x86_64-linux-gnu/libblkid.so.1.1.0
7f91218c9000-7f91218ca000 ---p 00050000 08:01 41681132                   /usr/lib/x86_64-linux-gnu/libblkid.so.1.1.0
7f91218ca000-7f91218cf000 r--p 00050000 08:01 41681132                   /usr/lib/x86_64-linux-gnu/libblkid.so.1.1.0
7f91218cf000-7f91218d0000 rw-p 00055000 08:01 41681132                   /usr/lib/x86_64-linux-gnu/libblkid.so.1.1.0
7f91218d0000-7f91218d2000 r--p 00000000 08:01 41688902                   /usr/lib/x86_64-linux-gnu/libffi.so.6.0.4
7f91218d2000-7f91218d7000 r-xp 00002000 08:01 41688902                   /usr/lib/x86_64-linux-gnu/libffi.so.6.0.4
7f91218d7000-7f91218d8000 r--p 00007000 08:01 41688902                   /usr/lib/x86_64-linux-gnu/libffi.so.6.0.4
7f91218d8000-7f91218d9000 r--p 00007000 08:01 41688902                   /usr/lib/x86_64-linux-gnu/libffi.so.6.0.4
7f91218d9000-7f91218da000 rw-p 00008000 08:01 41688902                   /usr/lib/x86_64-linux-gnu/libffi.so.6.0.4
7f91218da000-7f91218de000 r--p 00000000 08:01 41689600                   /usr/lib/x86_64-linux-gnu/libresolv-2.29.so
7f91218de000-7f91218ed000 r-xp 00004000 08:01 41689600                   /usr/lib/x86_64-linux-gnu/libresolv-2.29.so
7f91218ed000-7f91218f0000 r--p 00013000 08:01 41689600                   /usr/lib/x86_64-linux-gnu/libresolv-2.29.so
7f91218f0000-7f91218f1000 ---p 00016000 08:01 41689600                   /usr/lib/x86_64-linux-gnu/libresolv-2.29.so
7f91218f1000-7f91218f2000 r--p 00016000 08:01 41689600                   /usr/lib/x86_64-linux-gnu/libresolv-2.29.so
7f91218f2000-7f91218f3000 rw-p 00017000 08:01 41689600                   /usr/lib/x86_64-linux-gnu/libresolv-2.29.so
7f91218f3000-7f91218f5000 rw-p 00000000 00:00 0 
7f91218f5000-7f91218fb000 r--p 00000000 08:01 41689651                   /usr/lib/x86_64-linux-gnu/libselinux.so.1
7f91218fb000-7f9121913000 r-xp 00006000 08:01 41689651                   /usr/lib/x86_64-linux-gnu/libselinux.so.1
7f9121913000-7f912191a000 r--p 0001e000 08:01 41689651                   /usr/lib/x86_64-linux-gnu/libselinux.so.1
7f912191a000-7f912191b000 ---p 00025000 08:01 41689651                   /usr/lib/x86_64-linux-gnu/libselinux.so.1
7f912191b000-7f912191c000 r--p 00025000 08:01 41689651                   /usr/lib/x86_64-linux-gnu/libselinux.so.1
7f912191c000-7f912191d000 rw-p 00026000 08:01 41689651                   /usr/lib/x86_64-linux-gnu/libselinux.so.1
7f912191d000-7f912191f000 rw-p 00000000 00:00 0 
7f912191f000-7f912192a000 r--p 00000000 08:01 41681136                   /usr/lib/x86_64-linux-gnu/libmount.so.1.1.0
7f912192a000-7f9121968000 r-xp 0000b000 08:01 41681136                   /usr/lib/x86_64-linux-gnu/libmount.so.1.1.0
7f9121968000-7f912197b000 r--p 00049000 08:01 41681136                   /usr/lib/x86_64-linux-gnu/libmount.so.1.1.0
7f912197b000-7f912197e000 r--p 0005b000 08:01 41681136                   /usr/lib/x86_64-linux-gnu/libmount.so.1.1.0
7f912197e000-7f912197f000 rw-p 0005e000 08:01 41681136                   /usr/lib/x86_64-linux-gnu/libmount.so.1.1.0
7f912197f000-7f9121980000 r--p 00000000 08:01 41688994                   /usr/lib/x86_64-linux-gnu/libgmodule-2.0.so.0.6000.0
7f9121980000-7f9121982000 r-xp 00001000 08:01 41688994                   /usr/lib/x86_64-linux-gnu/libgmodule-2.0.so.0.6000.0
7f9121982000-7f9121983000 r--p 00003000 08:01 41688994                   /usr/lib/x86_64-linux-gnu/libgmodule-2.0.so.0.6000.0
7f9121983000-7f9121984000 r--p 00003000 08:01 41688994                   /usr/lib/x86_64-linux-gnu/libgmodule-2.0.so.0.6000.0
7f9121984000-7f9121985000 rw-p 00004000 08:01 41688994                   /usr/lib/x86_64-linux-gnu/libgmodule-2.0.so.0.6000.0
7f9121985000-7f9121993000 r--p 00000000 08:01 41689018                   /usr/lib/x86_64-linux-gnu/libgobject-2.0.so.0.6000.0
7f9121993000-7f91219c5000 r-xp 0000e000 08:01 41689018                   /usr/lib/x86_64-linux-gnu/libgobject-2.0.so.0.6000.0
7f91219c5000-7f91219dd000 r--p 00040000 08:01 41689018                   /usr/lib/x86_64-linux-gnu/libgobject-2.0.so.0.6000.0
7f91219dd000-7f91219e0000 r--p 00057000 08:01 41689018                   /usr/lib/x86_64-linux-gnu/libgobject-2.0.so.0.6000.0
7f91219e0000-7f91219e1000 rw-p 0005a000 08:01 41689018                   /usr/lib/x86_64-linux-gnu/libgobject-2.0.so.0.6000.0
7f91219e1000-7f9121a18000 r--p 00000000 08:01 41688986                   /usr/lib/x86_64-linux-gnu/libgio-2.0.so.0.6000.0
7f9121a18000-7f9121b19000 r-xp 00037000 08:01 41688986                   /usr/lib/x86_64-linux-gnu/libgio-2.0.so.0.6000.0
7f9121b19000-7f9121b9f000 r--p 00138000 08:01 41688986                   /usr/lib/x86_64-linux-gnu/libgio-2.0.so.0.6000.0
7f9121b9f000-7f9121ba7000 r--p 001bd000 08:01 41688986                   /usr/lib/x86_64-linux-gnu/libgio-2.0.so.0.6000.0
7f9121ba7000-7f9121ba8000 rw-p 001c5000 08:01 41688986                   /usr/lib/x86_64-linux-gnu/libgio-2.0.so.0.6000.0
7f9121ba8000-7f9121baa000 rw-p 00000000 00:00 0 
7f9121baa000-7f9121bac000 r--p 00000000 08:01 41689237                   /usr/lib/x86_64-linux-gnu/libXrandr.so.2.2.0
7f9121bac000-7f9121bb3000 r-xp 00002000 08:01 41689237                   /usr/lib/x86_64-linux-gnu/libXrandr.so.2.2.0
7f9121bb3000-7f9121bb5000 r--p 00009000 08:01 41689237                   /usr/lib/x86_64-linux-gnu/libXrandr.so.2.2.0
7f9121bb5000-7f9121bb6000 r--p 0000a000 08:01 41689237                   /usr/lib/x86_64-linux-gnu/libXrandr.so.2.2.0
7f9121bb6000-7f9121bb7000 rw-p 0000b000 08:01 41689237                   /usr/lib/x86_64-linux-gnu/libXrandr.so.2.2.0
7f9121bb7000-7f9121bb9000 r--p 00000000 08:01 41689278                   /usr/lib/x86_64-linux-gnu/libpcre.so.3.13.3
7f9121bb9000-7f9121c0a000 r-xp 00002000 08:01 41689278                   /usr/lib/x86_64-linux-gnu/libpcre.so.3.13.3
7f9121c0a000-7f9121c28000 r--p 00053000 08:01 41689278                   /usr/lib/x86_64-linux-gnu/libpcre.so.3.13.3
7f9121c28000-7f9121c29000 r--p 00070000 08:01 41689278                   /usr/lib/x86_64-linux-gnu/libpcre.so.3.13.3
7f9121c29000-7f9121c2a000 rw-p 00071000 08:01 41689278                   /usr/lib/x86_64-linux-gnu/libpcre.so.3.13.3
7f9121c2a000-7f9121c2f000 r--p 00000000 08:01 41681078                   /usr/lib/x86_64-linux-gnu/libpng16.so.16.37.0
7f9121c2f000-7f9121c54000 r-xp 00005000 08:01 41681078                   /usr/lib/x86_64-linux-gnu/libpng16.so.16.37.0
7f9121c54000-7f9121c60000 r--p 0002a000 08:01 41681078                   /usr/lib/x86_64-linux-gnu/libpng16.so.16.37.0
7f9121c60000-7f9121c61000 r--p 00035000 08:01 41681078                   /usr/lib/x86_64-linux-gnu/libpng16.so.16.37.0
7f9121c61000-7f9121c62000 rw-p 00036000 08:01 41681078                   /usr/lib/x86_64-linux-gnu/libpng16.so.16.37.0
7f9121c62000-7f9121c65000 r--p 00000000 08:01 41681699                   /usr/lib/x86_64-linux-gnu/libgraphite2.so.3.2.1
7f9121c65000-7f9121c87000 r-xp 00003000 08:01 41681699                   /usr/lib/x86_64-linux-gnu/libgraphite2.so.3.2.1
7f9121c87000-7f9121c8c000 r--p 00025000 08:01 41681699                   /usr/lib/x86_64-linux-gnu/libgraphite2.so.3.2.1
7f9121c8c000-7f9121c8e000 r--p 00029000 08:01 41681699                   /usr/lib/x86_64-linux-gnu/libgraphite2.so.3.2.1
7f9121c8e000-7f9121c8f000 rw-p 0002b000 08:01 41681699                   /usr/lib/x86_64-linux-gnu/libgraphite2.so.3.2.1
7f9121c8f000-7f9121caa000 r--p 00000000 08:01 41688992                   /usr/lib/x86_64-linux-gnu/libglib-2.0.so.0.6000.0
7f9121caa000-7f9121d2a000 r-xp 0001b000 08:01 41688992                   /usr/lib/x86_64-linux-gnu/libglib-2.0.so.0.6000.0
7f9121d2a000-7f9121dac000 r--p 0009b000 08:01 41688992                   /usr/lib/x86_64-linux-gnu/libglib-2.0.so.0.6000.0
7f9121dac000-7f9121dad000 ---p 0011d000 08:01 41688992                   /usr/lib/x86_64-linux-gnu/libglib-2.0.so.0.6000.0
7f9121dad000-7f9121dae000 r--p 0011d000 08:01 41688992                   /usr/lib/x86_64-linux-gnu/libglib-2.0.so.0.6000.0
7f9121dae000-7f9121daf000 rw-p 0011e000 08:01 41688992                   /usr/lib/x86_64-linux-gnu/libglib-2.0.so.0.6000.0
7f9121daf000-7f9121db0000 rw-p 00000000 00:00 0 
7f9121db0000-7f9121dbc000 r--p 00000000 08:01 41681684                   /usr/lib/x86_64-linux-gnu/libfreetype.so.6.17.1
7f9121dbc000-7f9121e3c000 r-xp 0000c000 08:01 41681684                   /usr/lib/x86_64-linux-gnu/libfreetype.so.6.17.1
7f9121e3c000-7f9121e66000 r--p 0008c000 08:01 41681684                   /usr/lib/x86_64-linux-gnu/libfreetype.so.6.17.1
7f9121e66000-7f9121e67000 ---p 000b6000 08:01 41681684                   /usr/lib/x86_64-linux-gnu/libfreetype.so.6.17.1
7f9121e67000-7f9121e6e000 r--p 000b6000 08:01 41681684                   /usr/lib/x86_64-linux-gnu/libfreetype.so.6.17.1
7f9121e6e000-7f9121e6f000 rw-p 000bd000 08:01 41681684                   /usr/lib/x86_64-linux-gnu/libfreetype.so.6.17.1
7f9121e6f000-7f9121e78000 r--p 00000000 08:01 41681706                   /usr/lib/x86_64-linux-gnu/libharfbuzz.so.0.20600.4
7f9121e78000-7f9121f3f000 r-xp 00009000 08:01 41681706                   /usr/lib/x86_64-linux-gnu/libharfbuzz.so.0.20600.4
7f9121f3f000-7f9121f70000 r--p 000d0000 08:01 41681706                   /usr/lib/x86_64-linux-gnu/libharfbuzz.so.0.20600.4
7f9121f70000-7f9121f71000 ---p 00101000 08:01 41681706                   /usr/lib/x86_64-linux-gnu/libharfbuzz.so.0.20600.4
7f9121f71000-7f9121f72000 r--p 00101000 08:01 41681706                   /usr/lib/x86_64-linux-gnu/libharfbuzz.so.0.20600.4
7f9121f72000-7f9121f73000 rw-p 00102000 08:01 41681706                   /usr/lib/x86_64-linux-gnu/libharfbuzz.so.0.20600.4
7f9121f73000-7f9121f77000 r--p 00000000 08:01 42337203                   /usr/lib/x86_64-linux-gnu/gio/modules/libdconfsettings.so
7f9121f77000-7f9121f7f000 r-xp 00004000 08:01 42337203                   /usr/lib/x86_64-linux-gnu/gio/modules/libdconfsettings.so
7f9121f7f000-7f9121f82000 r--p 0000c000 08:01 42337203                   /usr/lib/x86_64-linux-gnu/gio/modules/libdconfsettings.so
7f9121f82000-7f9121f83000 ---p 0000f000 08:01 42337203                   /usr/lib/x86_64-linux-gnu/gio/modules/libdconfsettings.so
7f9121f83000-7f9121f84000 r--p 0000f000 08:01 42337203                   /usr/lib/x86_64-linux-gnu/gio/modules/libdconfsettings.so
7f9121f84000-7f9121f85000 rw-p 00010000 08:01 42337203                   /usr/lib/x86_64-linux-gnu/gio/modules/libdconfsettings.so
7f9121f85000-7f9121f89000 ---p 00000000 00:00 0 
7f9121f89000-7f9122086000 rw-p 00000000 00:00 0 
7f9122086000-7f912208a000 r--p 00000000 08:01 41680993                   /usr/lib/x86_64-linux-gnu/libbsd.so.0.10.0
7f912208a000-7f9122099000 r-xp 00004000 08:01 41680993                   /usr/lib/x86_64-linux-gnu/libbsd.so.0.10.0
7f9122099000-7f912209c000 r--p 00013000 08:01 41680993                   /usr/lib/x86_64-linux-gnu/libbsd.so.0.10.0
7f912209c000-7f912209d000 ---p 00016000 08:01 41680993                   /usr/lib/x86_64-linux-gnu/libbsd.so.0.10.0
7f912209d000-7f912209e000 r--p 00016000 08:01 41680993                   /usr/lib/x86_64-linux-gnu/libbsd.so.0.10.0
7f912209e000-7f912209f000 rw-p 00017000 08:01 41680993                   /usr/lib/x86_64-linux-gnu/libbsd.so.0.10.0
7f912209f000-7f91220a0000 rw-p 00000000 00:00 0 
7f91220a0000-7f91220ab000 r--p 00000000 08:01 41681516                   /usr/lib/x86_64-linux-gnu/libxcb.so.1.1.0
7f91220ab000-7f91220bf000 r-xp 0000b000 08:01 41681516                   /usr/lib/x86_64-linux-gnu/libxcb.so.1.1.0
7f91220bf000-7f91220c8000 r--p 0001f000 08:01 41681516                   /usr/lib/x86_64-linux-gnu/libxcb.so.1.1.0
7f91220c8000-7f91220c9000 r--p 00027000 08:01 41681516                   /usr/lib/x86_64-linux-gnu/libxcb.so.1.1.0
7f91220c9000-7f91220ca000 rw-p 00028000 08:01 41681516                   /usr/lib/x86_64-linux-gnu/libxcb.so.1.1.0
7f91220ca000-7f91220cc000 r--p 00000000 08:01 41688495                   /usr/lib/x86_64-linux-gnu/libXi.so.6.1.0
7f91220cc000-7f91220d7000 r-xp 00002000 08:01 41688495                   /usr/lib/x86_64-linux-gnu/libXi.so.6.1.0
7f91220d7000-7f91220da000 r--p 0000d000 08:01 41688495                   /usr/lib/x86_64-linux-gnu/libXi.so.6.1.0
7f91220da000-7f91220db000 r--p 0000f000 08:01 41688495                   /usr/lib/x86_64-linux-gnu/libXi.so.6.1.0
7f91220db000-7f91220dc000 rw-p 00010000 08:01 41688495                   /usr/lib/x86_64-linux-gnu/libXi.so.6.1.0
7f91220dc000-7f91220e1000 r-xp 00000000 08:01 41688530                   /usr/lib/x86_64-linux-gnu/libXtst.so.6.1.0
7f91220e1000-7f91222e0000 ---p 00005000 08:01 41688530                   /usr/lib/x86_64-linux-gnu/libXtst.so.6.1.0
7f91222e0000-7f91222e1000 r--p 00004000 08:01 41688530                   /usr/lib/x86_64-linux-gnu/libXtst.so.6.1.0
7f91222e1000-7f91222e2000 rw-p 00005000 08:01 41688530                   /usr/lib/x86_64-linux-gnu/libXtst.so.6.1.0
7f91222e2000-7f91222eb000 r-xp 00000000 08:01 41688524                   /usr/lib/x86_64-linux-gnu/libXrender.so.1.3.0
7f91222eb000-7f91224ea000 ---p 00009000 08:01 41688524                   /usr/lib/x86_64-linux-gnu/libXrender.so.1.3.0
7f91224ea000-7f91224eb000 r--p 00008000 08:01 41688524                   /usr/lib/x86_64-linux-gnu/libXrender.so.1.3.0
7f91224eb000-7f91224ec000 rw-p 00009000 08:01 41688524                   /usr/lib/x86_64-linux-gnu/libXrender.so.1.3.0
7f91224ec000-7f9122504000 r--p 00000000 08:01 41681550                   /usr/lib/x86_64-linux-gnu/libX11.so.6.3.0
7f9122504000-7f912258f000 r-xp 00018000 08:01 41681550                   /usr/lib/x86_64-linux-gnu/libX11.so.6.3.0
7f912258f000-7f9122623000 r--p 000a3000 08:01 41681550                   /usr/lib/x86_64-linux-gnu/libX11.so.6.3.0
7f9122623000-7f9122624000 ---p 00137000 08:01 41681550                   /usr/lib/x86_64-linux-gnu/libX11.so.6.3.0
7f9122624000-7f9122625000 r--p 00137000 08:01 41681550                   /usr/lib/x86_64-linux-gnu/libX11.so.6.3.0
7f9122625000-7f9122629000 rw-p 00138000 08:01 41681550                   /usr/lib/x86_64-linux-gnu/libX11.so.6.3.0
7f9122629000-7f912262d000 r--p 00000000 08:01 41682002                   /usr/lib/x86_64-linux-gnu/libXext.so.6.4.0
7f912262d000-7f9122638000 r-xp 00004000 08:01 41682002                   /usr/lib/x86_64-linux-gnu/libXext.so.6.4.0
7f9122638000-7f912263c000 r--p 0000f000 08:01 41682002                   /usr/lib/x86_64-linux-gnu/libXext.so.6.4.0
7f912263c000-7f912263d000 r--p 00012000 08:01 41682002                   /usr/lib/x86_64-linux-gnu/libXext.so.6.4.0
7f912263d000-7f912263e000 rw-p 00013000 08:01 41682002                   /usr/lib/x86_64-linux-gnu/libXext.so.6.4.0
7f9122641000-7f9122644000 r--p 00000000 08:01 41686169                   /usr/lib/jvm/java-16-openjdk-amd64/lib/libfontmanager.so
7f9122644000-7f912264c000 r-xp 00003000 08:01 41686169                   /usr/lib/jvm/java-16-openjdk-amd64/lib/libfontmanager.so
7f912264c000-7f912264e000 r--p 0000b000 08:01 41686169                   /usr/lib/jvm/java-16-openjdk-amd64/lib/libfontmanager.so
7f912264e000-7f912264f000 r--p 0000c000 08:01 41686169                   /usr/lib/jvm/java-16-openjdk-amd64/lib/libfontmanager.so
7f912264f000-7f9122650000 rw-p 0000d000 08:01 41686169                   /usr/lib/jvm/java-16-openjdk-amd64/lib/libfontmanager.so
7f9122650000-7f912267a000 r--p 00000000 08:01 41686165                   /usr/lib/jvm/java-16-openjdk-amd64/lib/libawt.so
7f912267a000-7f91226e3000 r-xp 0002a000 08:01 41686165                   /usr/lib/jvm/java-16-openjdk-amd64/lib/libawt.so
7f91226e3000-7f91226ef000 r--p 00093000 08:01 41686165                   /usr/lib/jvm/java-16-openjdk-amd64/lib/libawt.so
7f91226ef000-7f91226f0000 ---p 0009f000 08:01 41686165                   /usr/lib/jvm/java-16-openjdk-amd64/lib/libawt.so
7f91226f0000-7f91226f1000 r--p 0009f000 08:01 41686165                   /usr/lib/jvm/java-16-openjdk-amd64/lib/libawt.so
7f91226f1000-7f91226fc000 rw-p 000a0000 08:01 41686165                   /usr/lib/jvm/java-16-openjdk-amd64/lib/libawt.so
7f91226fc000-7f9122721000 rw-p 00000000 00:00 0 
7f9122721000-7f9122725000 ---p 00000000 00:00 0 
7f9122725000-7f9122822000 rw-p 00000000 00:00 0 
7f9122822000-7f9122823000 ---p 00000000 00:00 0 
7f9122823000-7f9122924000 rw-p 00000000 00:00 0 
7f9122924000-7f9122928000 ---p 00000000 00:00 0 
7f9122928000-7f9122a25000 rw-p 00000000 00:00 0 
7f9122a25000-7f9123800000 r--p 00000000 08:01 41687993                   /usr/lib/locale/locale-archive
7f9123800000-7f9123c00000 rw-p 00000000 00:00 0 
7f9123c00000-7f9123d40000 rw-p 00000000 00:00 0 
7f9123d40000-7f9123d80000 rw-p 00000000 00:00 0 
7f9123d80000-7f9123f00000 rw-p 00000000 00:00 0 
7f9123f00000-7f9123f20000 rw-p 00000000 00:00 0 
7f9123f20000-7f9123f40000 rw-p 00000000 00:00 0 
7f9123f40000-7f9123f80000 rw-p 00000000 00:00 0 
7f9123f80000-7f9124000000 rw-p 00000000 00:00 0 
7f9124000000-7f9124021000 rw-p 00000000 00:00 0 
7f9124021000-7f9128000000 ---p 00000000 00:00 0 
7f9128000000-7f9128021000 rw-p 00000000 00:00 0 
7f9128021000-7f912c000000 ---p 00000000 00:00 0 
7f912c000000-7f912c021000 rw-p 00000000 00:00 0 
7f912c021000-7f9130000000 ---p 00000000 00:00 0 
7f9130000000-7f9130021000 rw-p 00000000 00:00 0 
7f9130021000-7f9134000000 ---p 00000000 00:00 0 
7f9134000000-7f9135f80000 rw-p 00000000 00:00 0 
7f9135f80000-7f9174000000 ---p 00000000 00:00 0 
7f9174000000-7f9175f80000 rw-p 00000000 00:00 0 
7f9175f80000-7f91b4000000 ---p 00000000 00:00 0 
7f91b4000000-7f91b43f0000 rw-p 00000000 00:00 0 
7f91b43f0000-7f91bc000000 ---p 00000000 00:00 0 
7f91bc000000-7f91bc3f0000 rw-p 00000000 00:00 0 
7f91bc3f0000-7f91c4000000 ---p 00000000 00:00 0 
7f91c4000000-7f91c43f0000 rw-p 00000000 00:00 0 
7f91c43f0000-7f91cc000000 ---p 00000000 00:00 0 
7f91cc000000-7f924a000000 rw-p 00000000 00:00 0 
7f9287ff9000-7f9288000000 r--s 00000000 08:01 42338566                   /usr/lib/x86_64-linux-gnu/gconv/gconv-modules.cache
7f9288000000-7fa1cc000000 ---p 00000000 00:00 0 
7fa1cc000000-7fa1cc00e000 r--p 00000000 08:01 41686380                   /usr/lib/jvm/java-16-openjdk-amd64/lib/libawt_xawt.so
7fa1cc00e000-7fa1cc04b000 r-xp 0000e000 08:01 41686380                   /usr/lib/jvm/java-16-openjdk-amd64/lib/libawt_xawt.so
7fa1cc04b000-7fa1cc05c000 r--p 0004b000 08:01 41686380                   /usr/lib/jvm/java-16-openjdk-amd64/lib/libawt_xawt.so
7fa1cc05c000-7fa1cc05d000 ---p 0005c000 08:01 41686380                   /usr/lib/jvm/java-16-openjdk-amd64/lib/libawt_xawt.so
7fa1cc05d000-7fa1cc05e000 r--p 0005c000 08:01 41686380                   /usr/lib/jvm/java-16-openjdk-amd64/lib/libawt_xawt.so
7fa1cc05e000-7fa1cc060000 rw-p 0005d000 08:01 41686380                   /usr/lib/jvm/java-16-openjdk-amd64/lib/libawt_xawt.so
7fa1cc060000-7fa1cc093000 rw-p 00000000 00:00 0 
7fa1cc093000-7fa1cc097000 r--p 00000000 08:01 41686187                   /usr/lib/jvm/java-16-openjdk-amd64/lib/libnet.so
7fa1cc097000-7fa1cc0a5000 r-xp 00004000 08:01 41686187                   /usr/lib/jvm/java-16-openjdk-amd64/lib/libnet.so
7fa1cc0a5000-7fa1cc0a9000 r--p 00012000 08:01 41686187                   /usr/lib/jvm/java-16-openjdk-amd64/lib/libnet.so
7fa1cc0a9000-7fa1cc0aa000 r--p 00015000 08:01 41686187                   /usr/lib/jvm/java-16-openjdk-amd64/lib/libnet.so
7fa1cc0aa000-7fa1cc0ab000 rw-p 00016000 08:01 41686187                   /usr/lib/jvm/java-16-openjdk-amd64/lib/libnet.so
7fa1cc0ab000-7fa1cc0af000 ---p 00000000 00:00 0 
7fa1cc0af000-7fa1cc1ac000 rw-p 00000000 00:00 0 
7fa1cc1ac000-7fa1cc1b0000 ---p 00000000 00:00 0 
7fa1cc1b0000-7fa1cc2ad000 rw-p 00000000 00:00 0 
7fa1cc2ad000-7fa1cc51d000 rwxp 00000000 00:00 0 
7fa1cc51d000-7fa1cc83e000 ---p 00000000 00:00 0 
7fa1cc83e000-7fa1ccd5e000 rwxp 00000000 00:00 0 
7fa1ccd5e000-7fa1d3d75000 ---p 00000000 00:00 0 
7fa1d3d75000-7fa1d3fe5000 rwxp 00000000 00:00 0 
7fa1d3fe5000-7fa1db2ad000 ---p 00000000 00:00 0 
7fa1db2ad000-7fa1e4000000 r--s 00000000 08:01 41686195                   /usr/lib/jvm/java-16-openjdk-amd64/lib/modules
7fa1e4000000-7fa1e4254000 rw-p 00000000 00:00 0 
7fa1e4254000-7fa1e8000000 ---p 00000000 00:00 0 
7fa1e8000000-7fa1e8001000 r--p 00000000 08:01 41688514                   /usr/lib/x86_64-linux-gnu/libXinerama.so.1.0.0
7fa1e8001000-7fa1e8002000 r-xp 00001000 08:01 41688514                   /usr/lib/x86_64-linux-gnu/libXinerama.so.1.0.0
7fa1e8002000-7fa1e8003000 r--p 00002000 08:01 41688514                   /usr/lib/x86_64-linux-gnu/libXinerama.so.1.0.0
7fa1e8003000-7fa1e8004000 r--p 00002000 08:01 41688514                   /usr/lib/x86_64-linux-gnu/libXinerama.so.1.0.0
7fa1e8004000-7fa1e8005000 rw-p 00003000 08:01 41688514                   /usr/lib/x86_64-linux-gnu/libXinerama.so.1.0.0
7fa1e8005000-7fa1e8007000 r--p 00000000 08:01 41681476                   /usr/lib/x86_64-linux-gnu/libXdmcp.so.6.0.0
7fa1e8007000-7fa1e8009000 r-xp 00002000 08:01 41681476                   /usr/lib/x86_64-linux-gnu/libXdmcp.so.6.0.0
7fa1e8009000-7fa1e800b000 r--p 00004000 08:01 41681476                   /usr/lib/x86_64-linux-gnu/libXdmcp.so.6.0.0
7fa1e800b000-7fa1e800c000 r--p 00005000 08:01 41681476                   /usr/lib/x86_64-linux-gnu/libXdmcp.so.6.0.0
7fa1e800c000-7fa1e800d000 rw-p 00006000 08:01 41681476                   /usr/lib/x86_64-linux-gnu/libXdmcp.so.6.0.0
7fa1e800d000-7fa1e8013000 r--p 00000000 08:01 41686188                   /usr/lib/jvm/java-16-openjdk-amd64/lib/libnio.so
7fa1e8013000-7fa1e801c000 r-xp 00006000 08:01 41686188                   /usr/lib/jvm/java-16-openjdk-amd64/lib/libnio.so
7fa1e801c000-7fa1e8020000 r--p 0000f000 08:01 41686188                   /usr/lib/jvm/java-16-openjdk-amd64/lib/libnio.so
7fa1e8020000-7fa1e8021000 ---p 00013000 08:01 41686188                   /usr/lib/jvm/java-16-openjdk-amd64/lib/libnio.so
7fa1e8021000-7fa1e8022000 r--p 00013000 08:01 41686188                   /usr/lib/jvm/java-16-openjdk-amd64/lib/libnio.so
7fa1e8022000-7fa1e8023000 rw-p 00014000 08:01 41686188                   /usr/lib/jvm/java-16-openjdk-amd64/lib/libnio.so
7fa1e8023000-7fa1e8027000 r--p 00000000 08:01 41686193                   /usr/lib/jvm/java-16-openjdk-amd64/lib/libverify.so
7fa1e8027000-7fa1e802e000 r-xp 00004000 08:01 41686193                   /usr/lib/jvm/java-16-openjdk-amd64/lib/libverify.so
7fa1e802e000-7fa1e8030000 r--p 0000b000 08:01 41686193                   /usr/lib/jvm/java-16-openjdk-amd64/lib/libverify.so
7fa1e8030000-7fa1e8031000 ---p 0000d000 08:01 41686193                   /usr/lib/jvm/java-16-openjdk-amd64/lib/libverify.so
7fa1e8031000-7fa1e8033000 r--p 0000d000 08:01 41686193                   /usr/lib/jvm/java-16-openjdk-amd64/lib/libverify.so
7fa1e8033000-7fa1e8034000 rw-p 0000f000 08:01 41686193                   /usr/lib/jvm/java-16-openjdk-amd64/lib/libverify.so
7fa1e8034000-7fa1e8038000 ---p 00000000 00:00 0 
7fa1e8038000-7fa1e8135000 rw-p 00000000 00:00 0 
7fa1e8135000-7fa1e8139000 ---p 00000000 00:00 0 
7fa1e8139000-7fa1e8236000 rw-p 00000000 00:00 0 
7fa1e8236000-7fa1e823a000 ---p 00000000 00:00 0 
7fa1e823a000-7fa1e8337000 rw-p 00000000 00:00 0 
7fa1e8337000-7fa1e833b000 ---p 00000000 00:00 0 
7fa1e833b000-7fa1e8438000 rw-p 00000000 00:00 0 
7fa1e8438000-7fa1e843c000 ---p 00000000 00:00 0 
7fa1e843c000-7fa1e8539000 rw-p 00000000 00:00 0 
7fa1e8539000-7fa1e853d000 ---p 00000000 00:00 0 
7fa1e853d000-7fa1e863a000 rw-p 00000000 00:00 0 
7fa1e863a000-7fa1e863b000 ---p 00000000 00:00 0 
7fa1e863b000-7fa1e8859000 rw-p 00000000 00:00 0 
7fa1e8859000-7fa1e885a000 ---p 00000000 00:00 0 
7fa1e885a000-7fa1e895b000 rw-p 00000000 00:00 0 
7fa1e895b000-7fa1e895c000 ---p 00000000 00:00 0 
7fa1e895c000-7fa1eae61000 rw-p 00000000 00:00 0 
7fa1eae61000-7fa1eae62000 ---p 00000000 00:00 0 
7fa1eae62000-7fa1eaf63000 rw-p 00000000 00:00 0 
7fa1eaf63000-7fa1eaf64000 ---p 00000000 00:00 0 
7fa1eaf64000-7fa1eb065000 rw-p 00000000 00:00 0 
7fa1eb065000-7fa1eb066000 ---p 00000000 00:00 0 
7fa1eb066000-7fa1eb7b6000 rw-p 00000000 00:00 0 
7fa1eb7b6000-7fa1eb89c000 ---p 00000000 00:00 0 
7fa1eb89c000-7fa1eb8a7000 rw-p 00000000 00:00 0 
7fa1eb8a7000-7fa1eb987000 ---p 00000000 00:00 0 
7fa1eb987000-7fa1eb98c000 rw-p 00000000 00:00 0 
7fa1eb98c000-7fa1eb993000 ---p 00000000 00:00 0 
7fa1eb993000-7fa1eb995000 r--p 00000000 08:01 41686194                   /usr/lib/jvm/java-16-openjdk-amd64/lib/libzip.so
7fa1eb995000-7fa1eb99a000 r-xp 00002000 08:01 41686194                   /usr/lib/jvm/java-16-openjdk-amd64/lib/libzip.so
7fa1eb99a000-7fa1eb99c000 r--p 00007000 08:01 41686194                   /usr/lib/jvm/java-16-openjdk-amd64/lib/libzip.so
7fa1eb99c000-7fa1eb99d000 r--p 00008000 08:01 41686194                   /usr/lib/jvm/java-16-openjdk-amd64/lib/libzip.so
7fa1eb99d000-7fa1eb99e000 rw-p 00009000 08:01 41686194                   /usr/lib/jvm/java-16-openjdk-amd64/lib/libzip.so
7fa1eb99e000-7fa1eb9aa000 r--p 00000000 08:01 41686175                   /usr/lib/jvm/java-16-openjdk-amd64/lib/libjava.so
7fa1eb9aa000-7fa1eb9bd000 r-xp 0000c000 08:01 41686175                   /usr/lib/jvm/java-16-openjdk-amd64/lib/libjava.so
7fa1eb9bd000-7fa1eb9c3000 r--p 0001f000 08:01 41686175                   /usr/lib/jvm/java-16-openjdk-amd64/lib/libjava.so
7fa1eb9c3000-7fa1eb9c4000 ---p 00025000 08:01 41686175                   /usr/lib/jvm/java-16-openjdk-amd64/lib/libjava.so
7fa1eb9c4000-7fa1eb9c5000 r--p 00025000 08:01 41686175                   /usr/lib/jvm/java-16-openjdk-amd64/lib/libjava.so
7fa1eb9c5000-7fa1eb9c6000 rw-p 00026000 08:01 41686175                   /usr/lib/jvm/java-16-openjdk-amd64/lib/libjava.so
7fa1eb9c6000-7fa1eb9c7000 rw-p 00000000 00:00 0 
7fa1eb9c7000-7fa1eb9ca000 r--p 00000000 08:01 41689413                   /usr/lib/x86_64-linux-gnu/libnss_files-2.29.so
7fa1eb9ca000-7fa1eb9d1000 r-xp 00003000 08:01 41689413                   /usr/lib/x86_64-linux-gnu/libnss_files-2.29.so
7fa1eb9d1000-7fa1eb9d3000 r--p 0000a000 08:01 41689413                   /usr/lib/x86_64-linux-gnu/libnss_files-2.29.so
7fa1eb9d3000-7fa1eb9d4000 r--p 0000b000 08:01 41689413                   /usr/lib/x86_64-linux-gnu/libnss_files-2.29.so
7fa1eb9d4000-7fa1eb9d5000 rw-p 0000c000 08:01 41689413                   /usr/lib/x86_64-linux-gnu/libnss_files-2.29.so
7fa1eb9d5000-7fa1eb9db000 rw-p 00000000 00:00 0 
7fa1eb9df000-7fa1eb9e0000 r--p 00000000 08:01 41681258                   /usr/lib/x86_64-linux-gnu/libXau.so.6.0.0
7fa1eb9e0000-7fa1eb9e2000 r-xp 00001000 08:01 41681258                   /usr/lib/x86_64-linux-gnu/libXau.so.6.0.0
7fa1eb9e2000-7fa1eb9e3000 r--p 00003000 08:01 41681258                   /usr/lib/x86_64-linux-gnu/libXau.so.6.0.0
7fa1eb9e3000-7fa1eb9e4000 r--p 00003000 08:01 41681258                   /usr/lib/x86_64-linux-gnu/libXau.so.6.0.0
7fa1eb9e4000-7fa1eb9e5000 rw-p 00004000 08:01 41681258                   /usr/lib/x86_64-linux-gnu/libXau.so.6.0.0
7fa1eb9e5000-7fa1eb9ed000 rw-s 00000000 08:01 1835142                    /tmp/hsperfdata_crm/7619
7fa1eb9ed000-7fa1eb9f1000 ---p 00000000 00:00 0 
7fa1eb9f1000-7fa1ebaee000 rw-p 00000000 00:00 0 
7fa1ebaee000-7fa1ebaf1000 r--p 00000000 08:01 41681254                   /usr/lib/x86_64-linux-gnu/libgcc_s.so.1
7fa1ebaf1000-7fa1ebb03000 r-xp 00003000 08:01 41681254                   /usr/lib/x86_64-linux-gnu/libgcc_s.so.1
7fa1ebb03000-7fa1ebb07000 r--p 00015000 08:01 41681254                   /usr/lib/x86_64-linux-gnu/libgcc_s.so.1
7fa1ebb07000-7fa1ebb08000 r--p 00018000 08:01 41681254                   /usr/lib/x86_64-linux-gnu/libgcc_s.so.1
7fa1ebb08000-7fa1ebb09000 rw-p 00019000 08:01 41681254                   /usr/lib/x86_64-linux-gnu/libgcc_s.so.1
7fa1ebb09000-7fa1ebb18000 r--p 00000000 08:01 41689285                   /usr/lib/x86_64-linux-gnu/libm-2.29.so
7fa1ebb18000-7fa1ebbbe000 r-xp 0000f000 08:01 41689285                   /usr/lib/x86_64-linux-gnu/libm-2.29.so
7fa1ebbbe000-7fa1ebc55000 r--p 000b5000 08:01 41689285                   /usr/lib/x86_64-linux-gnu/libm-2.29.so
7fa1ebc55000-7fa1ebc56000 r--p 0014b000 08:01 41689285                   /usr/lib/x86_64-linux-gnu/libm-2.29.so
7fa1ebc56000-7fa1ebc57000 rw-p 0014c000 08:01 41689285                   /usr/lib/x86_64-linux-gnu/libm-2.29.so
7fa1ebc57000-7fa1ebced000 r--p 00000000 08:01 41681396                   /usr/lib/x86_64-linux-gnu/libstdc++.so.6.0.28
7fa1ebced000-7fa1ebdde000 r-xp 00096000 08:01 41681396                   /usr/lib/x86_64-linux-gnu/libstdc++.so.6.0.28
7fa1ebdde000-7fa1ebe27000 r--p 00187000 08:01 41681396                   /usr/lib/x86_64-linux-gnu/libstdc++.so.6.0.28
7fa1ebe27000-7fa1ebe28000 ---p 001d0000 08:01 41681396                   /usr/lib/x86_64-linux-gnu/libstdc++.so.6.0.28
7fa1ebe28000-7fa1ebe33000 r--p 001d0000 08:01 41681396                   /usr/lib/x86_64-linux-gnu/libstdc++.so.6.0.28
7fa1ebe33000-7fa1ebe36000 rw-p 001db000 08:01 41681396                   /usr/lib/x86_64-linux-gnu/libstdc++.so.6.0.28
7fa1ebe36000-7fa1ebe39000 rw-p 00000000 00:00 0 
7fa1ebe39000-7fa1ec07c000 r--p 00000000 08:01 41812052                   /usr/lib/jvm/java-16-openjdk-amd64/lib/server/libjvm.so
7fa1ec07c000-7fa1ecde5000 r-xp 00243000 08:01 41812052                   /usr/lib/jvm/java-16-openjdk-amd64/lib/server/libjvm.so
7fa1ecde5000-7fa1ed063000 r--p 00fac000 08:01 41812052                   /usr/lib/jvm/java-16-openjdk-amd64/lib/server/libjvm.so
7fa1ed063000-7fa1ed117000 r--p 01229000 08:01 41812052                   /usr/lib/jvm/java-16-openjdk-amd64/lib/server/libjvm.so
7fa1ed117000-7fa1ed14b000 rw-p 012dd000 08:01 41812052                   /usr/lib/jvm/java-16-openjdk-amd64/lib/server/libjvm.so
7fa1ed14b000-7fa1ed1a8000 rw-p 00000000 00:00 0 
7fa1ed1a8000-7fa1ed1af000 r--p 00000000 08:01 41689555                   /usr/lib/x86_64-linux-gnu/libpthread-2.29.so
7fa1ed1af000-7fa1ed1be000 r-xp 00007000 08:01 41689555                   /usr/lib/x86_64-linux-gnu/libpthread-2.29.so
7fa1ed1be000-7fa1ed1c3000 r--p 00016000 08:01 41689555                   /usr/lib/x86_64-linux-gnu/libpthread-2.29.so
7fa1ed1c3000-7fa1ed1c4000 r--p 0001a000 08:01 41689555                   /usr/lib/x86_64-linux-gnu/libpthread-2.29.so
7fa1ed1c4000-7fa1ed1c5000 rw-p 0001b000 08:01 41689555                   /usr/lib/x86_64-linux-gnu/libpthread-2.29.so
7fa1ed1c5000-7fa1ed1c9000 rw-p 00000000 00:00 0 
7fa1ed1c9000-7fa1ed1ca000 r--p 00000000 08:01 41688803                   /usr/lib/x86_64-linux-gnu/libdl-2.29.so
7fa1ed1ca000-7fa1ed1cc000 r-xp 00001000 08:01 41688803                   /usr/lib/x86_64-linux-gnu/libdl-2.29.so
7fa1ed1cc000-7fa1ed1cd000 r--p 00003000 08:01 41688803                   /usr/lib/x86_64-linux-gnu/libdl-2.29.so
7fa1ed1cd000-7fa1ed1ce000 r--p 00003000 08:01 41688803                   /usr/lib/x86_64-linux-gnu/libdl-2.29.so
7fa1ed1ce000-7fa1ed1cf000 rw-p 00004000 08:01 41688803                   /usr/lib/x86_64-linux-gnu/libdl-2.29.so
7fa1ed1cf000-7fa1ed1d1000 r--p 00000000 08:01 41681070                   /usr/lib/x86_64-linux-gnu/libz.so.1.2.11
7fa1ed1d1000-7fa1ed1e2000 r-xp 00002000 08:01 41681070                   /usr/lib/x86_64-linux-gnu/libz.so.1.2.11
7fa1ed1e2000-7fa1ed1e8000 r--p 00013000 08:01 41681070                   /usr/lib/x86_64-linux-gnu/libz.so.1.2.11
7fa1ed1e8000-7fa1ed1e9000 ---p 00019000 08:01 41681070                   /usr/lib/x86_64-linux-gnu/libz.so.1.2.11
7fa1ed1e9000-7fa1ed1ea000 r--p 00019000 08:01 41681070                   /usr/lib/x86_64-linux-gnu/libz.so.1.2.11
7fa1ed1ea000-7fa1ed1eb000 rw-p 0001a000 08:01 41681070                   /usr/lib/x86_64-linux-gnu/libz.so.1.2.11
7fa1ed1eb000-7fa1ed210000 r--p 00000000 08:01 41688666                   /usr/lib/x86_64-linux-gnu/libc-2.29.so
7fa1ed210000-7fa1ed383000 r-xp 00025000 08:01 41688666                   /usr/lib/x86_64-linux-gnu/libc-2.29.so
7fa1ed383000-7fa1ed3cc000 r--p 00198000 08:01 41688666                   /usr/lib/x86_64-linux-gnu/libc-2.29.so
7fa1ed3cc000-7fa1ed3cf000 r--p 001e0000 08:01 41688666                   /usr/lib/x86_64-linux-gnu/libc-2.29.so
7fa1ed3cf000-7fa1ed3d2000 rw-p 001e3000 08:01 41688666                   /usr/lib/x86_64-linux-gnu/libc-2.29.so
7fa1ed3d2000-7fa1ed3d6000 rw-p 00000000 00:00 0 
7fa1ed3d6000-7fa1ed3d9000 r--p 00000000 08:01 13376463                   /home/crm/.config/dconf/user
7fa1ed3d9000-7fa1ed3da000 r--s 00000000 00:31 35                         /run/user/1000/dconf/user
7fa1ed3da000-7fa1ed3dc000 r--s 0000c000 08:01 42469684                   /usr/share/java/java-atk-wrapper.jar
7fa1ed3dc000-7fa1ed3dd000 ---p 00000000 00:00 0 
7fa1ed3dd000-7fa1ed3de000 r--p 00000000 00:00 0 
7fa1ed3de000-7fa1ed3df000 ---p 00000000 00:00 0 
7fa1ed3df000-7fa1ed3e1000 r--p 00000000 08:01 41686178                   /usr/lib/jvm/java-16-openjdk-amd64/lib/libjimage.so
7fa1ed3e1000-7fa1ed3e4000 r-xp 00002000 08:01 41686178                   /usr/lib/jvm/java-16-openjdk-amd64/lib/libjimage.so
7fa1ed3e4000-7fa1ed3e5000 r--p 00005000 08:01 41686178                   /usr/lib/jvm/java-16-openjdk-amd64/lib/libjimage.so
7fa1ed3e5000-7fa1ed3e6000 ---p 00006000 08:01 41686178                   /usr/lib/jvm/java-16-openjdk-amd64/lib/libjimage.so
7fa1ed3e6000-7fa1ed3e7000 r--p 00006000 08:01 41686178                   /usr/lib/jvm/java-16-openjdk-amd64/lib/libjimage.so
7fa1ed3e7000-7fa1ed3e8000 rw-p 00007000 08:01 41686178                   /usr/lib/jvm/java-16-openjdk-amd64/lib/libjimage.so
7fa1ed3e8000-7fa1ed3ea000 r--p 00000000 08:01 41686179                   /usr/lib/jvm/java-16-openjdk-amd64/lib/libjli.so
7fa1ed3ea000-7fa1ed3f4000 r-xp 00002000 08:01 41686179                   /usr/lib/jvm/java-16-openjdk-amd64/lib/libjli.so
7fa1ed3f4000-7fa1ed3f7000 r--p 0000c000 08:01 41686179                   /usr/lib/jvm/java-16-openjdk-amd64/lib/libjli.so
7fa1ed3f7000-7fa1ed3f8000 ---p 0000f000 08:01 41686179                   /usr/lib/jvm/java-16-openjdk-amd64/lib/libjli.so
7fa1ed3f8000-7fa1ed3f9000 r--p 0000f000 08:01 41686179                   /usr/lib/jvm/java-16-openjdk-amd64/lib/libjli.so
7fa1ed3f9000-7fa1ed3fa000 rw-p 00010000 08:01 41686179                   /usr/lib/jvm/java-16-openjdk-amd64/lib/libjli.so
7fa1ed3fa000-7fa1ed3fc000 rw-p 00000000 00:00 0 
7fa1ed3fc000-7fa1ed3fd000 r--p 00000000 08:01 41688446                   /usr/lib/x86_64-linux-gnu/ld-2.29.so
7fa1ed3fd000-7fa1ed41e000 r-xp 00001000 08:01 41688446                   /usr/lib/x86_64-linux-gnu/ld-2.29.so
7fa1ed41e000-7fa1ed426000 r--p 00022000 08:01 41688446                   /usr/lib/x86_64-linux-gnu/ld-2.29.so
7fa1ed426000-7fa1ed427000 r--p 00029000 08:01 41688446                   /usr/lib/x86_64-linux-gnu/ld-2.29.so
7fa1ed427000-7fa1ed428000 rw-p 0002a000 08:01 41688446                   /usr/lib/x86_64-linux-gnu/ld-2.29.so
7fa1ed428000-7fa1ed429000 rw-p 00000000 00:00 0 
7fff09c4e000-7fff09c6f000 rw-p 00000000 00:00 0                          [stack]
7fff09d09000-7fff09d0c000 r--p 00000000 00:00 0                          [vvar]
7fff09d0c000-7fff09d0d000 r-xp 00000000 00:00 0                          [vdso]
ffffffffff600000-ffffffffff601000 r-xp 00000000 00:00 0                  [vsyscall]


VM Arguments:
jvm_args: -Xmx64G -Dfile.encoding=UTF-8 
java_command: stegers.Steger_source -Xmx64G
java_class_path (initial): /home/crm/Downloads/curvetrace-main/mt_trace/bin:/home/crm/Downloads/curvetrace-main/mt_trace/libraries/ij-1.53i.jar:/home/crm/Downloads/curvetrace-main/mt_trace/libraries/jama-1.0.3.jar
Launcher Type: SUN_STANDARD

[Global flags]
     intx CICompilerCount                          = 3                                         {product} {ergonomic}
     uint ConcGCThreads                            = 1                                         {product} {ergonomic}
     uint G1ConcRefinementThreads                  = 4                                         {product} {ergonomic}
   size_t G1HeapRegionSize                         = 33554432                                  {product} {ergonomic}
    uintx GCDrainStackTargetSize                   = 64                                        {product} {ergonomic}
   size_t InitialHeapSize                          = 67108864                                  {product} {ergonomic}
   size_t MarkStackSize                            = 4194304                                   {product} {ergonomic}
   size_t MaxHeapSize                              = 68719476736                               {product} {command line}
   size_t MaxNewSize                               = 41204842496                               {product} {ergonomic}
   size_t MinHeapDeltaBytes                        = 33554432                                  {product} {ergonomic}
   size_t MinHeapSize                              = 33554432                                  {product} {ergonomic}
    uintx NonNMethodCodeHeapSize                   = 5832780                                {pd product} {ergonomic}
    uintx NonProfiledCodeHeapSize                  = 122912730                              {pd product} {ergonomic}
    uintx ProfiledCodeHeapSize                     = 122912730                              {pd product} {ergonomic}
    uintx ReservedCodeCacheSize                    = 251658240                              {pd product} {ergonomic}
     bool SegmentedCodeCache                       = true                                      {product} {ergonomic}
   size_t SoftMaxHeapSize                          = 68719476736                            {manageable} {ergonomic}
     bool UseCompressedClassPointers               = true                           {product lp64_product} {ergonomic}
     bool UseG1GC                                  = true                                      {product} {ergonomic}

Logging:
Log output configuration:
 #0: stdout all=warning uptime,level,tags
 #1: stderr all=off uptime,level,tags

Environment Variables:
PATH=/usr/local/sbin:/usr/local/bin:/usr/sbin:/usr/bin:/sbin:/bin:/usr/games:/usr/local/games:/snap/bin
USERNAME=crm
SHELL=/bin/bash
DISPLAY=:0
LANG=en_IN

Signal Handlers:
SIGSEGV: [libjvm.so+0xf30440], sa_mask[0]=11100100010111111101111111111110, sa_flags=SA_RESTART|SA_SIGINFO
SIGBUS: [libjvm.so+0xf30440], sa_mask[0]=11100100010111111101111111111110, sa_flags=SA_RESTART|SA_SIGINFO
SIGFPE: [libjvm.so+0xf30440], sa_mask[0]=11100100010111111101111111111110, sa_flags=SA_RESTART|SA_SIGINFO
SIGPIPE: SIG_IGN, sa_mask[0]=00000000000010000000000000000000, sa_flags=SA_RESTART
SIGXFSZ: [libjvm.so+0xdcd8d0], sa_mask[0]=11100100010111111101111111111110, sa_flags=SA_RESTART|SA_SIGINFO
SIGILL: [libjvm.so+0xf30440], sa_mask[0]=11100100010111111101111111111110, sa_flags=SA_RESTART|SA_SIGINFO
SIGUSR2: [libjvm.so+0xdccfb0], sa_mask[0]=00100000000000000000000000000000, sa_flags=SA_RESTART|SA_SIGINFO
SIGHUP: [libjvm.so+0xdccef0], sa_mask[0]=11100100010111111101111111111110, sa_flags=SA_RESTART|SA_SIGINFO
SIGINT: [libjvm.so+0xdccef0], sa_mask[0]=11100100010111111101111111111110, sa_flags=SA_RESTART|SA_SIGINFO
SIGTERM: [libjvm.so+0xdccef0], sa_mask[0]=11100100010111111101111111111110, sa_flags=SA_RESTART|SA_SIGINFO
SIGQUIT: [libjvm.so+0xdccef0], sa_mask[0]=11100100010111111101111111111110, sa_flags=SA_RESTART|SA_SIGINFO
SIGTRAP: [libjvm.so+0xf30440], sa_mask[0]=11100100010111111101111111111110, sa_flags=SA_RESTART|SA_SIGINFO


---------------  S Y S T E M  ---------------

OS:
DISTRIB_ID=Ubuntu
DISTRIB_RELEASE=19.04
DISTRIB_CODENAME=disco
DISTRIB_DESCRIPTION="Ubuntu 19.04"
uname: Linux 5.0.0-13-generic #14-Ubuntu SMP Mon Apr 15 14:59:14 UTC 2019 x86_64
OS uptime: 0 days 1:44 hours
libc: glibc 2.29 NPTL 2.29 
rlimit (soft/hard): STACK 8192k/infinity , CORE 0k/infinity , NPROC 15135/15135 , NOFILE 524288/524288 , AS infinity/infinity , CPU infinity/infinity , DATA infinity/infinity , FSIZE infinity/infinity , MEMLOCK 65536k/65536k
load average: 11.78 7.51 7.63

/proc/meminfo:
MemTotal:        3929112 kB
MemFree:          109624 kB
MemAvailable:      83740 kB
Buffers:            4564 kB
Cached:           330552 kB
SwapCached:       231328 kB
Active:          2614368 kB
Inactive:         922352 kB
Active(anon):    2542972 kB
Inactive(anon):   863748 kB
Active(file):      71396 kB
Inactive(file):    58604 kB
Unevictable:       10720 kB
Mlocked:              32 kB
SwapTotal:       2097148 kB
SwapFree:           1376 kB
Dirty:               508 kB
Writeback:             0 kB
AnonPages:       2982180 kB
Mapped:           224776 kB
Shmem:            205112 kB
KReclaimable:      56344 kB
Slab:             167140 kB
SReclaimable:      56344 kB
SUnreclaim:       110796 kB
KernelStack:       13248 kB
PageTables:        29904 kB
NFS_Unstable:          0 kB
Bounce:                0 kB
WritebackTmp:          0 kB
CommitLimit:     4061704 kB
Committed_AS:   13255992 kB
VmallocTotal:   34359738367 kB
VmallocUsed:           0 kB
VmallocChunk:          0 kB
Percpu:             8768 kB
HardwareCorrupted:     0 kB
AnonHugePages:         0 kB
ShmemHugePages:        0 kB
ShmemPmdMapped:        0 kB
CmaTotal:              0 kB
CmaFree:               0 kB
HugePages_Total:       0
HugePages_Free:        0
HugePages_Rsvd:        0
HugePages_Surp:        0
Hugepagesize:       2048 kB
Hugetlb:               0 kB
DirectMap4k:      234960 kB
DirectMap2M:     3854336 kB

/sys/kernel/mm/transparent_hugepage/enabled: always [madvise] never
/sys/kernel/mm/transparent_hugepage/defrag (defrag/compaction efforts parameter): always defer defer+madvise [madvise] never

Process Memory:
Virtual Size: 72239972K (peak: 73258500K)
Resident Set Size: 2152016K (peak: 2152268K) (anon: 2141648K, file: 8788K, shmem: 1580K)
Swapped out: 0K
C-Heap outstanding allocations: 7348K

/proc/sys/kernel/threads-max (system-wide limit on the number of threads): 30270
/proc/sys/vm/max_map_count (maximum number of memory map areas a process may have): 65530
/proc/sys/kernel/pid_max (system-wide limit on number of process identifiers): 32768

container (cgroup) information:
container_type: cgroupv1
cpu_cpuset_cpus: 0-3
cpu_memory_nodes: 0
active_processor_count: 4
cpu_quota: no quota
cpu_period: 100000
cpu_shares: no shares
memory_limit_in_bytes: unlimited
memory_and_swap_limit_in_bytes: not supported
memory_soft_limit_in_bytes: unlimited
memory_usage_in_bytes: 2938122240
memory_max_usage_in_bytes: 3428139008

Steal ticks since vm start: 0
Steal ticks percentage since vm start:  0.000

CPU: total 4 (initial active 4) (2 cores per cpu, 2 threads per core) family 6 model 42 stepping 7 microcode 0x2f, cx8, cmov, fxsr, ht, mmx, sse, sse2, sse3, ssse3, sse4.1, sse4.2, popcnt, tsc, tscinvbit, avx, clmul, vzeroupper, clflush
CPU Model and flags from /proc/cpuinfo:
model name	: Intel(R) Core(TM) i3-2120 CPU @ 3.30GHz
flags		: fpu vme de pse tsc msr pae mce cx8 apic sep mtrr pge mca cmov pat pse36 clflush dts acpi mmx fxsr sse sse2 ss ht tm pbe syscall nx rdtscp lm constant_tsc arch_perfmon pebs bts rep_good nopl xtopology nonstop_tsc cpuid aperfmperf pni pclmulqdq dtes64 monitor ds_cpl vmx est tm2 ssse3 cx16 xtpr pdcm pcid sse4_1 sse4_2 popcnt tsc_deadline_timer xsave avx lahf_lm epb pti ssbd ibrs ibpb stibp tpr_shadow vnmi flexpriority ept vpid xsaveopt dtherm arat pln pts flush_l1d

Online cpus: 0-3
Offline cpus: 4-15
BIOS frequency limitation: <Not Available>
Frequency switch latency (ns): 0
Available cpu frequencies: <Not Available>
Current governor: powersave
Core performance/turbo boost: <Not Available>

Memory: 4k page, physical 3929112k(109624k free), swap 2097148k(1376k free)

vm_info: OpenJDK 64-Bit Server VM (16.0.1+9-Ubuntu-120.04) for linux-amd64 JRE (16.0.1+9-Ubuntu-120.04), built on Apr 21 2021 06:06:00 by "unknown" with gcc 9.3.0

END.
